9 296 263 261 267 268 114 269 248 270
1 256
3 161 204 153
3 95 185 189
1 242
1 59
3 75 271 238
4 127 285 207 297
1 201
1 196
2 13 181
1 206
2 290 143
3 281 50 47
1 152
3 68 83 231
2 156 151
2 170 178
2 121 262
1 265
3 224 237 77
1 228
2 209 69
34 221 216 234 180 249 212 286 246 299 210 220 227 218 225 187 245 226 232 230 241 217 239 222 202 254 236 253 191 298 195 291 35 199 255
1 123
2 101 264
3 140 81 130
1 288
2 14 223
1 12
1 98
1 272
3 214 197 279
1 266
1 233
3 27 235 186
2 177 251
2 113 292
1 67
1 149
1 43
4 273 284 258 176
1 106
1 252
2 259 135
2 294 257
2 119 165
1 250
1 154
2 61 240
5 107 96 163 124 115
2 105 289
2 146 97
3 148 282 182
2 82 145
2 21 71
3 260 131 100
1 112
3 136 174 37
1 215
1 104
1 132
2 283 274
7 41 38 44 40 111 90 46
1 30
2 62 141
2 58 205
3 39 190 51
3 244 42 52
2 85 219
3 0 243 155
1 1
1 2
2 3 278
2 4 78
39 167 116 168 108 87 164 99 110 88 103 72 134 162 159 133 92 137 150 74 144 125 129 79 91 166 128 102 122 157 158 86 89 117 109 147 93 118 5 169
2 6 229
2 7 94
2 8 293
1 9
1 10
2 11 120
2 15 49
1 16
1 17
2 18 142
4 19 295 45 55
5 275 276 277 20 280
3 22 76 247
2 23 194
3 24 70 84
2 25 175
2 26 192
11 65 54 56 63 57 53 28 64 160 287 66
13 179 184 203 193 171 200 198 188 29 172 73 138 211
1 31
2 32 208
4 33 60 48 173
3 34 80 126
4 36 213 139 183
