14 1209 2949 3156 549 3055 769 9888 268 6424 2774 6044 4537 2426 9469
14 1757 2920 9913 303 8840 1528 9901 5227 8711 7198 2536 5237 8573 9925
14 568 8175 2432 84 4839 222 3294 1512 9935 1372 6849 2436 1489 5006
14 677 4094 6115 1978 5406 394 8787 6189 3208 8699 8713 364 3842 6444
15 6466 7399 9256 5497 7429 203 2576 297 445 1447 3708 19 5727 5500 6474
15 4377 2009 1900 1138 3855 7141 8179 8509 6913 6780 1192 4807 6984 1201 4498
15 3253 5137 48 7005 4059 3030 3471 6456 1866 3575 842 7451 1625 9495 8116
15 9393 4435 3580 1335 837 606 8703 3988 585 8342 5649 7435 1170 3512 5660
16 1560 6783 1992 3607 9675 7952 9523 7229 9020 1815 9698 3245 3148 199 1239 592
16 7475 8518 7936 7070 3444 1664 6724 580 1993 6694 4056 7293 8965 1100 3176 6274
17 8292 9084 6822 1867 9799 7640 3743 3457 7318 8587 6269 2296 8149 7612 9685 5983 9297
17 5445 2020 3410 4984 8736 7329 9852 4414 8435 7357 9851 7236 531 9101 1458 6460 1417
17 1066 1888 6418 2166 9544 8323 8629 3024 3976 6004 6239 3910 206 9255 4794 7604 4993
17 1305 6139 1407 3197 3257 4428 4885 6110 9996 7104 400 5060 5746 9666 1904 8026 384
17 4309 5018 4379 3817 6807 157 8578 5615 1492 6404 3236 8557 1323 8024 1438 6567 2333
17 1543 4150 610 8086 8458 6740 8586 4648 1635 9087 3891 1674 8978 8370 4935 2218 3413
17 2519 3640 4959 6924 2915 2681 7379 4630 2566 8448 3833 419 7243 7000 8803 8464 6430
17 1315 2869 6228 8406 2278 8029 666 2297 9347 2026 5856 3067 3849 4455 9412 9401 5049
17 1178 4637 5341 7911 3168 8262 7553 6735 8104 5744 3029 3329 7585 9274 3461 3381 5627
17 1105 9305 3546 109 1984 5990 9306 2143 8902 3541 1054 5887 1313 6473 533 8419 8986
17 6263 7957 61 2418 2538 892 9267 4910 565 4048 284 4153 7196 9109 7874 7085 5768
17 7657 563 1794 3276 8425 1973 5189 9282 9845 5535 1240 6186 3445 1777 4973 4666 7690
18 5192 700 519 734 4687 2531 8783 7993 5387 7320 5358 2123 5113 627 2788 3951 5593 7642
18 2356 5299 920 8204 8271 2507 3333 6794 3527 2603 8630 1228 190 6150 2641 7846 7927 9351
18 1515 3549 2838 9137 368 493 3068 3129 8198 1221 9045 7557 4228 6128 2056 9254 7554 2434
18 4679 3564 7186 1773 3170 9768 2520 7768 8328 9806 1955 6003 4502 8382 4080 9744 977 195
18 6901 4071 8329 7799 7230 6199 4437 2106 5510 328 166 2784 5721 3572 5425 1518 448 1982
18 2735 5222 4873 1013 3544 4404 9947 6058 4050 7323 483 9657 3885 6742 9557 2235 9511 8085
18 5693 9619 9581 6502 3005 7114 3990 4661 9559 9078 4867 41 4665 5282 4761 9286 7602 4898
18 2571 9216 4829 6361 7020 8566 2711 4112 4233 4194 200 4833 6804 8832 2147 5540 8998 4471
18 6412 9976 3371 8376 3196 5089 7314 8309 502 3557 5757 6547 2783 3105 2216 7572 6069 9527
18 7928 423 6952 7088 3655 7677 513 4255 5996 6307 9011 128 5205 9805 8351 6536 3830 7110
18 88 4214 3103 2942 1630 2714 271 8979 1530 530 277 1142 9627 7406 6410 1995 3317 4109
18 7965 7913 3692 5710 9503 7355 9965 1267 7249 9890 7465 4863 9830 2973 975 3632 1206 2825
18 8878 117 3697 726 8792 8462 5663 5566 2992 6818 5719 5477 8653 3840 1111 3972 2404 3359
18 2135 6695 3918 6123 1874 4196 248 9869 5507 6265 6711 1908 6718 4826 8816 3475 8146 9667
18 3869 5402 8489 5218 4693 4706 661 3426 6327 7430 4349 8338 5090 1655 2605 6338 7068 4614
18 7270 2465 8559 7709 6656 9733 6654 3540 6135 1593 7116 6457 2512 945 9974 2928 5654 7492
18 9563 4307 5948 9246 2293 6455 2626 3821 4980 4875 8915 69 210 2934 830 8219 3740 1755
18 4601 7861 6916 2742 8892 7347 5025 8784 7373 7255 9144 718 7580 3739 95 8133 3375 5650
18 1097 273 5424 7140 7471 2357 7319 6304 5517 6053 8203 4184 5890 3989 1002 1970 6029 6648
18 6252 961 3249 3430 4848 1223 2881 3411 9349 1994 5686 9104 2112 4733 417 9769 6719 3315
18 9504 2015 3104 3779 3092 697 6836 5955 6012 6634 8637 211 1503 3795 2338 856 4020 8747
18 5335 3025 9207 4507 8040 5285 1527 6942 615 956 9549 119 6710 2250 3433 3701 9457 304
18 1273 2941 6155 9030 4836 5920 1200 8434 3066 3200 1986 3816 1843 802 6220 951 57 3624
18 2581 4894 6160 7889 5034 8449 9691 6206 4421 3188 7975 730 5554 6765 4815 3603 9579 26
18 9514 768 9052 3384 1697 9316 245 3786 212 5516 1830 4225 3875 3050 6922 854 9705 1259
18 6403 2917 8055 6786 6875 3334 7546 1869 5295 6296 6202 825 8346 3017 8588 4673 4123 1182
18 9003 6198 9406 3758 7792 5771 655 5816 5712 5182 950 4003 4657 497 9654 9625 4410 2595
18 6689 311 8484 5954 6360 6316 9464 1491 7710 7579 6575 2651 3270 9116 1222 3879 6638 7284
18 5086 2424 8274 2782 8157 6125 6903 4869 506 5156 8079 5234 3542 9738 8795 7994 8071 4914
18 6031 3281 1609 1030 4064 9680 7567 6293 4602 9042 8989 2635 5012 6523 378 8575 4024 4854
18 2986 9820 6329 4170 1363 2690 1997 1386 1685 9620 3453 6739 8128 9477 7494 2787 2999 2191
19 6831 8962 5829 9382 1326 2261 1272 5351 5783 4940 3112 1910 4139 7438 8236 4544 9497 1245 953
19 672 9864 3138 2455 5214 4717 9353 6842 7190 3583 1627 5662 2181 208 6173 8187 4704 4205 1465
19 1040 9550 7428 5711 2497 1550 6340 6764 2245 6498 1977 381 2470 2952 7922 6048 986 92 3732
19 8477 3654 3073 7870 3605 1500 4558 7380 9002 4028 3036 32 1430 3047 2663 3051 6526 7305 7972
19 9140 24 7346 4467 150 2305 846 8791 4245 8546 66 4643 6809 9617 6222 3435 2653 2696 5033
19 5440 7499 1269 2176 6877 5212 9757 6645 5602 5668 3783 9071 656 3666 7934 1729 507 7434 9164
19 8640 4742 8890 3579 1090 6851 8521 3585 5892 172 9795 9871 6392 1601 3616 3398 9450 7442 9314
19 474 6039 5245 8213 8158 1564 9485 7097 35 4376 7174 8059 8042 6076 313 2060 6305 6023 4585
19 2720 9449 8102 9473 902 2904 5777 3921 3966 266 3220 7685 7464 6438 9819 8155 6119 6985 922
19 2883 1724 9640 4088 6475 5957 5888 1863 4656 1667 761 8368 753 4659 9751 9610 4645 7253 7840
19 5235 541 5377 47 3462 8856 665 3420 1634 2937 5291 832 7232 9538 100 1845 8854 7759 7684
19 4090 7862 9670 9166 2031 8766 6356 2464 3663 9037 992 4615 9100 6584 5263 6101 6024 1079 4701
19 2316 5769 9631 1276 3490 4705 8940 9345 2140 2180 8609 7692 3993 1587 8671 1215 7901 3190 4639
19 4842 8420 2495 9702 2639 4587 4953 7847 6196 7162 7665 1349 9134 2831 9546 7916 1369 7342 9564
19 6706 8554 5158 8681 3414 6615 9712 6538 4806 2323 8955 5601 5091 376 7663 6647 5799 9209 422
19 1353 489 2657 780 164 6966 1835 146 8445 823 102 5069 6512 6078 3721 9202 4070 1583 4212
19 8731 9411 7129 2079 6141 9190 3789 6825 8194 2751 4021 5241 4709 5409 9276 5853 1346 105 1720
19 8675 7188 3608 2422 2511 4285 8868 8614 7787 1884 2551 1281 8259 3802 5628 6133 8167 1565 2388
19 9626 7704 8224 290 9289 5678 9872 3493 2781 415 2585 8951 6989 9842 8973 7041 6132 8806 7238
19 6815 2559 3362 9065 6705 8615 7364 4786 7636 646 8118 3940 921 1537 4930 9364 2802 2673 8652
19 3696 4948 3596 601 1580 9735 7884 4115 2442 8682 2900 3778 9068 2771 4593 4713 494 6247 5298
19 9325 6168 3108 511 8421 3477 5690 4990 2171 1232 292 4017 6618 8412 300 8595 2044 2665 1880
19 8773 7687 8848 3199 8530 6261 4986 6062 9731 4331 6172 1415 2128 9809 9505 7457 867 6657 21
19 6670 1735 8302 7631 4493 8831 9410 9537 7010 6956 3393 4872 7633 1862 8970 5426 1160 8990 178
19 4525 375 7804 1524 2537 6021 4141 2482 1355 9645 1453 5557 6698 9265 7808 7941 6716 7555 4756
19 7561 5381 5881 2718 3615 8768 5503 6407 1143 9561 5400 3770 8272 2543 5847 9151 9132 1523 4045
20 6381 3555 5598 4635 8786 9628 9926 4411 7193 2577 6703 1693 6182 671 8112 3366 169 6244 8529 6537
20 9679 6485 1723 9018 3124 9263 1443 81 6971 1864 674 6946 8694 1937 6630 1412 8506 254 872 9967
20 2912 7455 4595 7732 3970 4099 5238 2368 9964 3904 9156 1211 7066 7169 886 8981 9133 1595 1620 2110
20 4536 3510 7444 1175 6814 1733 1146 9429 2613 8665 5082 3181 8378 9481 8737 990 7558 560 4355 6544
20 5324 6607 2523 1177 7876 4207 7172 3370 4481 9949 2207 6026 529 617 8882 8176 896 7191 5366 1613
20 8310 372 4346 5636 7226 8991 6503 7628 9182 7211 908 9138 2217 942 4171 5287 348 9710 552 8642
20 3442 1734 6409 9586 1963 2352 7203 7682 9262 8030 9684 91 6893 3364 4256 6066 6484 1494 3418 5550
20 9707 6420 2399 498 6749 7883 6601 6969 241 2981 4318 4372 475 5766 708 6871 5866 2385 4063 6570
20 8395 2828 8426 3717 1949 5495 645 8379 1294 3169 9981 7135 9475 1745 7816 2578 4664 1511 2187 2844
20 8708 8774 7117 5480 933 3119 4035 9341 3054 8298 1676 9737 3775 7263 2661 5622 1256 1311 2706 9846
20 4143 2006 9385 4686 9033 1352 5837 2979 9570 4400 4696 374 1062 7693 5679 4819 2556 1644 2453 3622
20 187 4260 720 2167 982 2799 4652 9832 853 704 2126 2320 2954 6784 1189 403 2240 8719 2797 5462
20 5161 4882 4703 9130 354 3338 380 8094 709 3669 4300 1721 3531 4327 8220 7679 5008 3623 7837 8304
20 3149 8227 1384 7245 9889 1746 5994 9195 3793 5193 7445 4195 9075 8585 6491 3373 967 4879 3895 3070
20 5716 2642 9633 5756 2000 2997 7208 4450 3057 5751 6216 7882 3636 2105 225 9761 1902 660 8191 9157
20 2384 4066 482 435 9696 3193 1873 7477 8597 3746 4497 7456 6672 3685 9249 6237 175 7150 6188 514
20 2695 4387 5054 5913 6896 2753 9962 8300 2924 7503 462 7103 9912 4944 9388 8028 9817 6907 8953 1395
20 8728 6000 4938 4887 8035 161 8876 9158 772 2930 3345 3530 3482 6805 775 4384 5405 5553 2675 242
20 3629 8715 3566 5620 7698 9179 607 5433 5803 4415 1700 4441 1475 8485 649 9272 459 9027 1480 2292
20 7040 4208 4164 7372 6639 7278 7425 9948 1109 3952 4888 6587 2790 6476 3247 821 3675 7629 949 4699
20 719 8739 4405 6771 1046 2927 572 8785 3949 9165 5838 5695 1968 4034 3513 3122 2355 2652 1738 9250
20 3147 4511 4107 633 7448 9392 1263 5043 6597 3729 7988 3785 1942 8243 8996 5861 2156 1117 2065 2175
20 4494 9291 7574 1102 7686 3807 6729 6967 2732 2919 6280 952 2480 3205 1422 7118 1436 7643 629 2362
20 7956 6752 1689 5369 9613 9743 4291 3325 7246 141 4913 8273 1441 4344 9035 9394 7043 7171 8804 1638
20 9409 9402 2963 6200 98 849 9199 9127 9273 6399 1553 1023 39 4958 5713 8303 444 2173 3532 7762
20 4855 5112 5626 8173 9171 7548 7595 8761 3326 3839 6359 6283 9952 7513 5809 74 3203 2260 7769 4236
20 5868 9452 6550 6927 1365 4119 7113 2505 4213 8631 425 6579 1660 4965 3974 2867 7562 7829 4247 8553
20 2313 1640 2982 5371 3232 4555 3117 5457 9159 6013 9539 4724 8782 8800 6902 2108 396 3901 8984 40
20 3693 2008 3866 9487 306 8823 2686 5539 2600 6402 6652 5422 6580 8367 6480 1324 4485 7019 3958 8555
20 5717 2036 7662 881 1762 6762 7535 9897 9972 2857 8228 4371 4792 2275 691 1725 8617 4227 7466 5899
20 6541 6843 2748 1913 3038 7209 1250 2377 252 4328 2072 1455 659 8827 1779 7048 377 5792 711 3356
20 8758 9121 1010 439 596 1557 8188 9576 4966 9466 6422 5579 3439 156 5437 64 9836 993 2640 4588
20 3090 3601 3396 8207 839 2967 7092 2776 3468 6251 7811 6213 5576 5279 2386 7309 1081 6279 876 5087
20 5970 3424 8796 2754 9681 4744 8324 7576 6098 4278 3648 8869 8257 6659 4828 9478 7143 5009 1309 281
20 554 1227 4482 1252 5187 8190 7282 3451 7134 4130 4617 1110 4270 2395 4623 715 6121 2809 7316 7624
20 5304 5332 6879 3083 9524 4749 5815 5050 4607 159 553 8062 4347 7812 8486 636 5995 6367 2220 8109
21 7929 3239 8021 4200 3524 826 843 1521 2477 3829 934 147 5764 2525 8686 4105 4969 7971 7984 4584 78
21 8950 6767 3409 3565 1529 1496 8263 5844 8560 2115 2270 7515 9288 7301 8956 1257 5835 3133 5070 2107 1136
21 8698 567 1605 7312 1319 120 9458 5045 1768 461 5014 9516 2515 3228 9496 8505 4895 7764 1710 4206 4031
21 9090 1803 4029 2076 4636 3099 9284 1101 3646 6163 6197 7903 249 3798 4163 6333 9077 1220 3621 7569 3630
21 7109 7877 2741 2033 8101 9186 1098 8667 4834 9652 1302 5915 6850 9031 5356 4249 8296 8075 5021 4677 8945
21 583 7864 5017 7387 5382 9763 6081 2969 5031 2680 8214 3735 7873 5465 2412 6757 5001 7915 4353 1004 2693
21 2247 1784 5491 1106 9357 9928 9963 6832 9641 5702 5160 4776 8038 6426 3146 5967 8644 5514 1912 5725 4768
21 1883 5307 930 294 2415 508 8645 3843 6582 5684 4857 4884 6248 7234 7176 7564 4653 8820 4147 9238 3337
21 3167 5120 4011 751 4503 643 9044 5603 7274 9408 7081 1872 8407 7770 6865 138 8373 9526 799 7794 1930
21 6912 7810 168 5699 2077 9923 4605 578 4552 8610 979 9264 1299 2885 6746 523 7691 3754 1364 4113 1626
21 2738 9180 4403 8909 7613 6268 4491 6930 5221 1048 3394 2174 3469 2315 2467 8316 7370 3314 9623 2358 7025
21 6965 9815 935 7382 5124 7344 5100 8413 847 9054 3946 5123 1282 3731 5064 4302 1433 9370 4924 8864 1197
21 1406 3826 1588 5541 4880 8938 9070 1168 3867 6331 9632 8510 1338 193 4117 2648 4594 1589 4046 2184 4532
21 4078 1509 6737 5310 7275 1391 5451 7075 2760 4689 1568 4224 7045 4832 1264 5708 4921 7926 8871 4072 857
21 9463 7512 2731 611 4356 1246 5260 7501 5933 2907 1348 8099 9882 6905 9881 8072 6345 9420 1598 6898 3432
22 9313 457 5240 4764 2304 4433 6156 352 5076 8239 4939 6379 7334 9611 8051 3044 4784 9720 1176 3811 8662 731
22 5300 4475 5347 6380 5962 3261 458 286 6297 2407 5782 7724 7207 9082 2921 6067 2972 8801 9950 5879 7080 8033
22 5808 965 6009 9604 2314 3657 4989 2948 4800 6218 408 6909 9992 3862 2958 1532 76 6562 4496 1692 365 1000
22 9128 326 2132 1 8034 5674 382 9566 5824 2547 5998 3211 2548 4062 1875 1639 4209 4314 7267 4282 9328 7920
22 6663 4223 9813 7777 2291 3429 883 7532 137 1716 2989 6674 1271 9226 4634 3584 130 1584 2248 6848 5256 9160
22 5934 7479 2984 1169 9234 244 524 599 4907 6393 8987 3986 8664 9089 9837 3691 2568 9980 7415 4159 833 3613
22 6649 984 7014 6161 6727 865 5709 6238 4068 7493 6885 3905 7609 6751 2766 5878 3782 463 6114 9584 5386 2086
22 2327 5213 3311 871 2360 1476 6882 2121 3421 716 987 9441 2977 1791 7894 285 4111 6120 5201 6921 5289 1470
22 4586 9562 1181 177 5452 9896 2875 4714 6041 2025 5101 8237 3851 9859 6386 9789 342 7422 6596 4561 3278 3710
22 29 895 3082 1474 5169 9228 5099 1193 8229 7145 3425 5394 9687 4802 1198 5534 3765 9106 280 862 2910 8193
22 957 8520 85 353 2702 3909 1051 7078 5619 7592 4293 4767 2206 3859 1979 7931 5907 5700 6319 897 8843 8857
22 4781 1251 2119 3759 2667 7830 7361 272 3673 387 9319 5250 8502 2104 7490 2835 1810 5208 3308 1199 9574 8345
22 4788 874 9062 1325 1459 7715 1297 2122 4937 8244 1831 9823 8444 7381 3498 8111 15 8446 7857 8760 7900 7383
22 7013 7398 7534 5632 4528 1947 2164 8500 9729 5219 2898 6677 5567 8401 1008 4449 1330 3157 3790 4866 1248 3854
22 1833 5818 4366 369 7778 1429 2048 1104 7508 7366 7614 7793 8620 2846 9192 819 6800 1188 2622 7407 4167 5364
22 8184 739 6255 2330 6056 8603 938 1368 6451 2082 484 1464 8027 8534 8551 7647 2021 4125 3924 1255 3556 8669
22 1414 2074 9105 5701 6094 4244 7516 2393 8103 8659 9303 1392 402 9167 4787 2557 6437 7194 8550 9141 9838 4941
22 8932 2335 7224 2717 4629 4871 5941 5610 5134 3750 4667 2829 9038 6223 947 698 5163 4685 2089 7763 3846 1012
22 1113 4326 5903 7197 230 1799 7843 2374 3225 4114 2234 2893 5569 1922 7654 3271 7542 8148 9724 8830 5188 5664
22 741 6662 4089 3751 9379 3450 6699 1461 1612 1861 4772 9968 2444 7231 9368 8883 3592 9240 9015 7627 582 2319
22 8290 3263 657 8266 118 1790 1752 8023 1561 1393 1541 8159 3799 6793 1981 1934 8901 3007 5380 2241 8134 8253
22 7468 4546 1628 97 1820 9701 1787 3173 310 1431 2901 8511 1428 6722 9987 6181 9513 2601 5519 2439 5305 7065
22 817 9595 4246 5375 9424 9482 550 7167 355 2366 4824 7392 2468 2874 7389 8326 4470 5040 1871 7594 9661 7969
22 5902 4274 7729 5910 6179 1891 3476 2040 4406 4104 2272 2402 2645 2534 65 4628 2607 4550 4566 6642 6036 4394
22 6884 442 7637 7933 1944 8746 3231 9790 4085 3757 8450 4690 8598 7341 4343 3295 5210 8661 1695 7823 8627 9508
22 6633 4798 379 8798 777 7749 2179 1203 6769 8904 8150 2804 2513 10 1424 2713 4711 9361 1420 2599 1980 3925
23 6493 3465 7474 2359 7998 2281 8918 3079 8017 779 7006 4608 7004 3967 5411 1967 8334 2332 1396 1681 7266 8764 3959
23 6321 3602 2558 6416 5092 4204 4651 7610 6138 4002 7462 894 5171 3404 2501 7394 4487 7021 8545 2631 5767 122 6366
23 6747 3403 1508 2160 1016 2565 4892 2037 8767 2614 4851 6820 9879 9043 8492 126 1029 3907 4365 6581 7090 112 6799
23 6159 4006 2229 6680 5373 4533 8307 9085 695 991 9722 5929 3573 8177 6527 1781 90 2205 4044 3065 1834 4489 9163
23 55 5991 6398 6089 4838 397 2796 9298 7987 202 8225 624 5268 1688 7384 9785 2078 7502 8428 3174 6463 3672 724
23 1332 4065 969 3258 7924 6838 2052 536 6389 4426 8293 7164 5041 133 2042 6059 912 4515 1771 93 9321 1897 6378
23 864 5359 5572 315 4477 1067 6910 8182 8494 1539 9810 7712 7222 9474 6987 6571 5301 4734 8988 3722 7120 4821 816
23 2429 2856 7680 6681 1061 8136 6406 4669 8646 1283 9247 2859 4136 239 256 1761 1668 9072 5167 7403 1050 6733 1342
23 6745 3160 8743 6253 7866 3454 4340 8624 2636 3501 4523 2935 8960 2051 6730 3340 4073 1394 6488 5880 7791 4843 1624
23 9752 2975 8968 4397 1179 8952 275 4456 6641 7949 2417 7967 852 2125 2882 9754 6806 2 501 5317 235 1800 2375
23 713 5466 8285 6925 544 4559 1709 9143 4074 9229 6864 4642 9000 3761 893 4014 5306 9734 4087 8793 6963 8007 1339
23 4583 3554 7187 1504 8416 1603 8125 6140 319 3216 2621 6953 4038 5262 3470 2390 9462 6772 4443 4988 800 5992 5730
23 5971 1121 9844 7726 3285 5794 399 8004 8976 6415 5786 3689 928 6861 3902 6970 4198 8961 744 1275 3009 6897 243
23 2324 7856 3062 3597 4453 8064 4012 6726 3163 4582 9029 282 1702 9225 8693 5976 2837 2116 1534 1310 6513 279 909
23 1005 2382 6425 4007 3818 3570 490 3339 1328 7363 9884 3316 527 5016 8475 5872 5958 7237 1471 8601 5600 5259 6539
23 1024 4782 7817 6610 6591 6983 9767 9142 8917 3392 1075 1387 4388 6043 8750 2960 9894 9152 6042 4190 733 7130 1649
23 1194 3459 8447 1924 3948 8650 6728 8400 618 9444 6712 4942 8906 5444 9213 1217 232 4845 4092 6863 4979 728 4188
23 4877 3319 7940 9592 2758 7909 2722 6678 3574 3772 6292 9784 4777 5532 338 2561 9418 1037 683 2923 2452 3847 9114
23 7119 3915 5441 2043 215 5559 7701 9026 4290 6038 4569 5391 3222 434 6116 283 6167 2437 8903 4138 916 6692 5032
23 3651 2425 7668 767 6243 1785 6566 2397 9208 5635 9433 4981 9299 9300 320 5486 1907 7149 4358 2737 7865 3436 8605
23 4495 330 5564 8312 5608 6515 4221 7142 2228 8814 4121 8911 5154 3645 9778 4893 6920 5314 688 2740 9139 2715 9023
23 8564 5743 2473 3230 4853 5329 5901 8481 8926 6866 4317 194 4096 2694 6085 754 4060 9779 3894 4128 2959 689 9376
23 3647 7156 9543 7666 9118 6808 8160 9322 6883 8799 4654 8826 6548 9934 4539 2383 2479 4499 5155 7296 6235 2498 6423
23 1838 8209 7746 7573 9268 7754 3127 2034 6519 3610 4248 9330 9983 670 8916 67 6290 2729 1876 7077 216 774 3753
23 5860 6856 5481 3997 255 7587 3661 6622 8140 946 7220 9150 3 7062 5389 6939 37 5911 5704 1041 9658 405 2109
23 7891 9252 8695 9822 8562 9659 4472 83 5864 1591 9534 3428 1741 9270 3154 7547 3292 575 3877 7009 7650 714 8470
23 9187 9012 4154 7271 2630 5999 6888 1320 3182 3145 9292 7007 8745 4985 5785 5529 8591 2213 1042 3139 581 9848 8415
23 7401 6208 3991 7037 1045 52 9074 1466 9362 8807 612 9800 2670 6821 7205 4718 5523 7148 4219 3267 3282 8289 914
23 8277 5562 1381 2745 8815 1960 7620 4235 2765 8749 5537 8074 9816 9880 4547 6833 8576 278 6629 7286 8993 9554 7046
23 8670 4658 5584 6270 6962 9073 3752 2931 6708 6824 4899 6375 3593 5143 5442 6462 2341 2268 7807 6873 7529 7570 6602
23 3578 7325 4720 7805 7498 5670 7689 6857 5804 1747 6743 7259 7178 5417 8291 6625 2596 8516 9593 7757 9397 1513 1772
23 5885 3085 4773 6868 1448 3269 3992 4625 5340 4264 4964 8108 151 3999 5172 5122 3377 5180 6908 8563 5651 3699 5715
23 1776 6450 9874 3930 2264 3210 3547 2438 6452 3776 4543 5083 2546 4825 7626 1914 6326 1402 9709 1870 8616 8197 1740
23 7711 1637 8835 8493 546 5074 2246 8928 7414 9694 1389 2141 2769 2938 6839 7525 6203 8063 3135 9219 1840 6605 6713
23 2061 2233 1804 1460 5116 516 1069 8819 880 2309 680 8688 5133 6974 3534 8268 3714 9421 9407 9022 5472 6312 2710
23 4758 3773 1943 1376 1896 3466 196 2841 1774 1911 5692 3121 8547 1317 561 5658 3328 1592 2151 2808 5583 7132 6612
23 8073 2212 4858 5094 7755 4033 5023 3625 1047 6262 7599 3201 6609 2762 3893 6862 517 8725 5249 7788 9988 4947 8299
23 9920 9251 8306 1531 6190 8691 3767 1756 7440 3221 918 8261 7651 2633 6353 678 6982 613 9919 1307 4992 4591 4093
23 7463 2230 9742 9612 5372 5959 3845 4086 9607 4675 4266 1946 6201 3443 6064 9436 4840 2526 1842 1123 4055 8212 6165
23 622 2118 6593 8018 23 8339 412 3463 6880 8105 9333 7630 3550 8383 9103 9378 639 4279 7645 9205 2153 6281 2144
23 9847 5698 1715 6696 1844 3963 2863 5140 2345 5005 2535 1921 6578 1027 4682 9136 3123 3251 3416 1031 4906 5284 1783
23 7227 5875 9804 9135 7872 5211 1416 8264 3045 2990 4232 6891 2340 9480 2431 7351 2756 356 8025 5502 3016 6655 8656
23 2791 7082 2916 3537 2406 3372 4263 9498 8344 1501 3141 2854 6785 5384 7101 5810 9185 2231 473 1314 467 9943 4429
23 6002 1186 5088 1331 2602 1679 7750 1411 9671 1499 5780 3323 9706 4809 3027 9917 2244 6816 732 5292 9355 2955 8958
23 8459 9191 1686 1096 1656 9006 9941 2805 1814 5694 7879 8649 6682 4770 8544 9278 17 887 3748 1714 5689 8343 537
23 6961 106 2057 7796 1819 1071 5073 692 8705 9583 357 5139 6171 8437 5981 7326 5184 863 5243 9939 6940 2129 3237
23 9283 8410 4297 9375 2884 6810 9490 6047 8933 1988 3241 4805 8833 7790 2159 7707 1034 433 2947 6298 5420 3052 4351
23 4008 7276 9900 2810 2346 4486 2945 4440 3494 9113 2478 6083 3011 3686 5908 6102 3159 8524 2777 1235 2461 510 3796
23 7102 8088 7152 9222 3137 3213 153 1130 5097 2344 3351 453 7588 4368 4746 4549 9867 512 9183 7999 293 3072 525
23 7716 9678 7730 929 6683 5004 6436 7094 9384 4407 8593 589 5904 1266 3709 9547 7860 4852 8129 6137 6604 2062 7217
23 7849 8967 542 6932 7122 8366 9366 3212 6105 1551 4881 4420 2956 4919 2017 3973 9224 8325 1629 8127 1078 7552 1035
24 6529 5830 7912 2343 350 6157 8963 543 5734 2861 9337 8009 5308 3150 9571 6540 5565 686 8284 2325 970 3300 6442 663
24 9046 3947 6103 9644 5278 5473 4330 3077 3606 4562 5801 7935 4272 2504 1590 5464 924 7091 8431 8590 8748 1767 2506 4698
24 7064 7287 9419 3155 7339 586 3474 6184 2580 5191 7298 3487 1345 386 8811 1516 684 6858 3808 1525 4217 2684 5862 3053
24 7180 4638 4722 9230 9826 3341 5582 1308 2850 6459 1236 2532 6122 8599 6574 6486 6874 6846 22 694 4135 4430 4789 3489
24 873 2573 6446 9001 9542 238 3979 9651 2721 8565 9212 9548 385 1932 8360 155 8258 5722 6332 4144 6483 3982 3650 1444
24 499 9639 6447 8935 4075 8817 8049 3299 999 6679 7505 5520 4810 6205 9682 1291 3568 9862 2284 1727 8842 5849 1382 2068
24 6245 4957 3906 5656 6443 5104 5919 5216 1854 261 7285 3142 9079 2413 5019 6776 634 7099 8763 9929 3511 9447 8314 5870
24 6900 1886 2075 2023 8097 6619 8571 5379 8067 3473 6325 5350 173 8673 7353 1690 7735 8539 3233 3262 6829 7521 8361 7531
24 1208 6352 4520 5779 9358 5640 8881 9727 4647 8841 8010 6020 9080 414 8115 3919 8779 7397 7871 9363 1026 9748 9395 2892
24 658 9512 5556 2063 3824 9798 9630 8199 9091 3660 7179 3446 1782 7786 2274 4801 9866 9725 2242 2500 80 8039 5383 1769
24 8189 2649 4830 5724 6134 958 77 7635 449 3738 6530 1889 4694 9153 3912 2256 1806 4076 7418 8015 2685 1469 5525 4619
24 7779 5748 8542 808 7990 4442 4903 3962 2299 8532 72 2087 1229 3747 5552 1604 2190 3234 3438 9335 5220 1567 3813 6977
24 5393 907 9028 3505 2154 6231 7560 8549 1818 2142 1286 7939 8250 6565 4359 6008 6945 6854 7461 6707 7853 7962 1493 2311
24 9649 3865 8288 8460 518 7506 4312 9194 5558 1538 42 2279 1094 6504 5349 1262 5739 4745 7047 217 1171 9055 4529 2552
24 8020 6413 9492 5909 9994 5353 6926 4997 8621 1154 2364 1065 1145 3913 4323 4970 7016 9456 9112 214 5357 2016 6996 9902
24 6741 8860 8245 9019 5625 1371 5258 4963 3352 985 996 8442 6813 6033 3521 3195 7966 2913 3736 9665 500 9688 363 8161
24 9979 7737 5453 9741 2433 7377 7584 2405 5611 6511 5490 5483 9017 8181 9853 2646 2162 5339 1237 3091 7728 2980 7299 5427
24 409 5428 8780 5039 5042 515 9403 6773 4335 7734 7018 6414 2039 1357 5166 4173 2768 7454 2634 6975 5925 8359 4382 5059
24 2401 4299 9783 1435 1832 8931 6948 2682 6801 6224 2102 5614 6225 5645 1358 2965 6709 8016 5498 7622 334 4505 1017 9605
24 428 5511 6643 2011 5482 4469 7798 2414 1926 2398 8061 2567 7886 2834 8390 7802 9835 4345 3331 4025 855 9870 4452 1502
24 9985 5512 534 7063 6131 5195 9515 8927 2728 7541 5181 4748 2012 2688 4370 7656 4333 7155 9961 4765 8668 1321 2047 9258
24 6558 3086 3186 6234 4890 9697 9148 9442 3391 184 7528 8200 5968 4322 8362 7848 9293 2351 4754 4631 6738 1485 8812 1836
24 7575 595 6240 8872 614 5061 9083 1519 4459 4950 9237 7321 6308 1450 9162 3756 1743 7331 8246 8247 3010 9704 1827 6763
24 6756 8687 2909 866 6130 1566 9239 28 7107 305 7960 7598 941 6077 8436 8234 8528 4102 703 7322 8439 4932 359 2687
24 9459 30 8788 5026 9302 2851 4454 3674 5183 7061 1885 4461 7250 974 6755 2447 9899 6282 7536 198 8427 9060 6525 3704
24 2957 9951 889 3399 3551 5098 9175 6777 4036 1672 8954 2524 5754 3296 6636 4053 9730 6086 7932 2378 4389 3827 6753 7272
24 477 4250 5105 4019 4856 3293 8692 740 6774 3968 7260 9821 9092 9470 9718 4369 3130 8855 4280 6025 2793 6142 5320 8992
24 6669 7842 34 2294 1163 9957 8077 5522 262 1707 2282 6637 6827 3955 1183 7121 9699 9009 2027 335 7449 9188 8045 9788
24 2539 476 7907 5323 9155 4106 11 9758 9110 5226 6505 5475 3763 6387 6556 6061 6006 186 2632 8143 4712 1072 1920 9244
24 699 584 5561 1116 4621 6014 6286 2494 4438 7995 1124 6299 7752 7923 3582 1457 8496 7961 5288 9598 3888 2419 4573 5165
24 7446 4378 5385 1956 9824 4067 5733 4632 3161 5729 2996 7292 3178 7551 8689 8471 4423 53 3395 4597 4468 9686 6149 8335
24 3291 3502 6509 8294 470 3844 4517 963 1671 1053 3777 3577 1187 8845 5590 3908 7291 8478 8233 9102 1780 6666 3523 339
24 9556 6192 4688 2486 1933 3397 7313 1824 6543 7072 6802 2263 8347 6324 4684 3481 4740 5448 1717 6812 6079 3598 8930 3774
24 9405 3938 7453 7192 4316 1850 1058 1597 3832 6714 1253 333 7646 2348 8873 9930 5080 7583 1770 6855 9828 4874 2903 4915
24 7210 8974 8031 5587 1719 3707 8280 1650 6628 7591 787 4478 6588 4026 3881 1370 6736 4960 5905 3006 4847 8522 4513 9122
24 7108 7659 174 2443 2445 8076 1618 9966 745 2733 8399 8875 2239 4868 7420 7294 5430 505 9663 5993 5530 1548 4524 7240
24 2899 8093 2570 485 3977 7125 5052 2204 6823 6318 8729 7137 5675 8283 8387 875 4876 6117 8821 9400 5984 9233 9594 8252
24 6068 2780 9553 3283 5589 9181 2354 6560 6620 9708 6906 3376 9170 6090 7012 5164 3538 7942 4166 1856 9825 591 8469 2085
24 6164 3354 4032 4982 6734 1463 4739 803 3379 5738 3920 6376 1033 4736 9386 5186 7706 5980 5336 5035 723 654 5741 2381
24 6357 3115 9716 3088 2186 7543 4234 7362 5827 6126 641 7890 4727 1678 4945 5468 3506 743 9588 8944 6988 1405 3764 2514
24 8254 9232 8533 4564 8525 6661 569 9856 5115 9892 7736 6668 5392 1661 4081 1162 564 1333 1744 8358 2195 9310 6232 9726
25 4920 989 4101 2288 1296 2237 5326 450 8720 727 2590 609 4946 9235 687 2091 7852 1775 9053 7695 4238 2549 340 604 621
25 481 9440 4916 6204 2545 8006 9664 2619 7930 6532 6860 5840 8886 6791 521 5496 7652 4201 7578 7838 6309 2974 1816 1687 5706
25 1852 3114 7386 7761 1468 1753 7510 2994 4620 7944 7195 6129 8628 7582 3939 3841 545 877 8822 9348 4804 125 6859 4521 7417
25 608 6336 8218 7800 4210 7500 7280 4849 7396 6315 9047 63 6691 6145 5152 1765 827 7550 7003 2778 2331 2416 2127 5742 7747
25 3049 4624 4775 9843 103 276 809 5168 547 8281 9506 213 6590 2254 6431 2451 1941 6811 154 972 3374 4289 3061 7661 5175
25 4352 5621 782 4396 2178 7483 5313 7743 6583 9780 3266 742 3101 4878 3828 1918 9774 3508 693 3078 2396 1796 183 7914 3495
25 5858 1985 3874 7340 1140 943 8473 9946 9732 9111 5966 9327 6528 7371 7486 2350 8357 94 3926 6337 1423 2708 25 8241 1828
25 6563 7277 4971 6904 9460 3235 2189 7106 2148 4512 7556 6469 7098 2995 7153 4100 9435 7071 3961 5217 7741 4850 7797 682 3013
25 5352 9381 5170 2045 9616 9295 6464 9807 3587 5346 9895 5109 628 4708 1975 5518 917 2668 5261 9081 904 5947 7030 358 8340
25 219 5247 6542 940 5877 619 5805 5568 3004 6347 1906 8896 5605 5463 8354 7439 6091 4051 6704 4835 8679 9989 2303 3365 1151
25 3358 9833 6178 5527 8721 6495 1682 4464 5763 5360 1057 1165 5106 6027 8121 2215 5796 3935 6758 4571 7608 1388 6219 6561 6055
25 6951 8440 5036 6272 3496 9324 6363 5986 5943 5421 4152 5747 1789 4831 1449 2214 4674 4395 851 7674 2150 1298 8922 1119 5132
25 1860 3165 7488 7819 9886 2719 3682 9275 6790 370 5681 9933 9318 487 556 5921 4870 3214 4004 3917 2587 7897 1611 905 2236
25 9944 3449 2024 3536 1606 8402 2763 2158 8417 3725 3485 5363 4381 6894 2028 1196 8754 9695 5677 5772 2483 838 9261 8912 8570
25 4058 5952 9812 9346 5770 7265 9877 7076 801 7653 7365 5000 1289 9629 786 4565 600 1316 3330 7354 5852 1945 3553 8672 8438
25 7638 2939 2197 6400 6388 3171 3217 5574 5319 3794 931 8084 9174 7623 7919 2575 6499 9032 8315 9995 9066 9500 6214 5085 3937
25 8995 1846 3635 9978 6995 4715 1786 2789 6429 8596 8170 6267 2678 1409 6320 4039 798 4001 3590 3788 6054 2871 7721 3332 4187
25 2589 3194 2817 121 9479 2400 4590 2978 5102 8242 4710 5484 4912 7352 4259 5309 2644 456 260 2611 1999 4663 1340 997 1857
25 789 8548 7672 4043 7507 1964 1132 3406 806 5002 4265 6552 5548 2749 7782 4730 5577 2084 8813 812 6608 3567 8432 8068 5093
25 9636 1643 4211 8741 5396 4419 9372 7095 9448 6175 1025 96 2662 3599 9621 7447 4336 3361 8936 1596 2283 7675 1711 577 7333
25 209 8895 1337 9428 4535 964 4902 8512 223 7619 2991 1486 3628 104 9416 1750 5882 9423 2739 8081 4262 8971 3353 4762 2582
25 135 267 8851 6301 539 1654 5506 7015 968 8651 6382 6001 4579 4155 6169 6215 8632 5863 1632 4439 1996 5196 4252 2672 8975
25 9602 7648 3499 8863 3389 7832 738 815 3342 3018 7945 2832 2295 2988 5570 3639 4222 1890 7703 2367 5595 7738 8852 503 2542
25 332 7096 3980 4936 1696 7854 6162 4334 7360 4650 1554 2655 8805 1329 3801 3943 5330 5807 2155 1505 8914 2466 8709 9050 5945
25 4137 7315 4796 185 7345 9565 1851 2553 7893 7056 5761 8730 2572 2496 9991 5759 1821 1706 4015 5680 3382 2018 551 4612 4254
25 7867 640 5642 4168 6798 771 5728 2943 3700 8317 3244 1224 6572 5007 8297 8248 9039 5789 1477 309 813 6180 8498 3878 1839
25 8403 163 1822 2336 7590 6555 7233 7443 2889 6841 4385 6611 158 9903 4342 4837 7139 6254 1107 7596 9973 9662 4640 6354 2168
25 113 1218 959 4258 3437 6478 5271 5793 2004 7839 5687 5655 4974 9510 8584 8829 528 1068 8583 9389 3960 7982 5513 3805 5136
25 3321 7256 6397 9863 1125 8381 6264 4276 6928 676 5851 9683 2560 841 1535 4165 2093 7958 5963 6754 973 139 9425 4560 441
25 1778 9483 4398 5850 7571 1155 9802 2454 4816 7517 3634 71 287 9578 2317 1413 346 5315 1268 3087 1440 9253 1238 1032 8977
25 9927 2866 7727 9955 7538 6778 171 8476 8495 288 7605 5367 1351 250 2462 6947 227 7124 253 8003 3360 9597 3136 814 9801
26 9655 3277 7024 8107 9312 1214 6759 337 5765 2650 4146 3933 2369 4763 6892 8639 4294 9443 3273 5924 2692 345 4422 630 1795 51
25 3202 1647 7147 3447 8153 7520 2700 3873 6697 7699 5639 4082 2522 7327 9945 1167 6471 3916 824 8889 8697 1373 2003 5906 8704
25 3667 1383 4251 4567 7549 7385 9218 6174 3387 9422 420 7388 43 2584 6372 850 7921 8828 9471 6385 668 8732 114 9969 5255
25 3307 2852 9975 3256 8270 4460 2950 3152 6803 50 701 7875 8060 1989 8680 3483 9740 2285 1853 2712 4360 9958 2911 7504 1666
25 4644 793 7581 2936 9086 331 2088 4175 2183 3320 6362 7887 3198 8318 6037 6660 9509 496 4030 4738 7212 9344 3670 3431 4889
25 1879 152 890 2528 180 3074 3336 2757 983 1265 735 7616 2177 760 2420 752 9762 6938 5128 4526 6510 3659 1451 8776 2971
25 5027 2290 5117 6396 3242 8810 8676 9653 471 4176 27 9518 4514 3060 9245 3401 6432 2676 8231 8135 3144 2459 9855 2476 3823
25 1651 2198 9231 4660 7177 201 6923 5479 7273 1749 5975 116 7328 7330 7419 4681 7917 870 2485 1965 6030 9572 2365 8844 1533
25 5107 2373 6124 9786 6651 2342 2579 6549 2761 8537 5297 6551 3889 8985 9491 8409 6092 8751 4943 5781 7526 8777 7144 7495 7981
25 318 3609 5526 6915 9755 9119 1610 45 1578 5585 8966 6787 2403 5355 6564 4917 2489 9883 2222 520 1432 6370 8052 5118 2124
25 8772 4301 5524 2371 3223 1957 5736 8839 4603 6395 1917 7244 8356 3109 2201 1270 9356 7775 6095 4991 7780 7765 631 87 7089
25 5732 4613 8937 3001 3491 5277 9285 7655 5194 6230 1704 3768 9893 1737 5053 3822 5594 571 2328 5492 192 6310 5200 8322 3363
25 8348 3290 8186 1763 3526 9587 8465 7027 7607 6233 7970 3125 4110 3118 4306 7332 1108 1462 925 5229 9529 7828 4680 1742 6109
25 5303 8809 5969 6847 3000 8330 347 5215 75 3306 4304 721 6852 3515 3996 1241 8255 919 407 8658 5028 3240 4108 3720 3179
25 7248 7086 6617 7760 5416 5203 3385 9959 9437 8422 6303 7247 1894 2149 6554 5893 1434 9108 1657 1498 9839 6937 5199 7545 1401
25 1684 6684 6775 5705 1673 1361 2484 5546 7910 7895 4192 6553 2811 781 4783 4609 2146 1526 6781 1063 1556 9528 6867 4797 764
25 7028 5951 2137 274 3448 3419 7815 4373 4362 6256 6072 5823 2038 5114 5103 6557 8305 2232 1007 5327 2111 4954 7295 7480 1036
25 3368 3896 9998 5149 8771 291 8041 5936 3132 9618 3900 2800 4949 2071 9535 5038 4598 1895 5365 1936 1258 2647 9760 9603 2891
25 4409 5344 1974 3545 4500 1919 2380 574 8643 3804 3023 5067 5206 5938 3096 6878 2533 9041 4576 765 8634 6936 1927 1520 5940
25 3116 5917 1446 773 1131 3151 1243 3563 2803 3642 4239 6646 6500 1766 673 2050 5509 3187 3183 9672 2058 5612 2001 8405 5418
25 1792 9647 2842 1950 7378 7254 7306 1385 8202 5488 237 9413 1754 3367 3192 1793 7431 1172 5974 3189 8577 3100 1044 7317 1018
25 3936 3760 7723 3246 6497 3517 426 9803 8011 4253 3048 4864 8894 2005 14 2136 1380 2262 5613 8913 834 4288 3162 6417 7054
25 3614 5267 5157 7678 9093 1089 8660 6972 7658 6284 9115 6732 5842 2849 5321 885 7589 4229 5338 960 8880 6194 4447 2131 5354
25 1233 8638 736 1990 2555 8050 5985 9591 7973 9360 7925 162 884 8757 647 7060 5898 7258 8531 878 7031 2081 2617 5802 2471
25 2944 233 1073 7718 8946 5832 9367 1730 2699 5826 4240 5397 2022 3834 4581 5231 4427 6427 620 5066 6887 5774 7841 4465 8733
25 4575 5062 1322 8885 8592 4933 7482 5638 9501 7892 4169 6957 8677 6516 4926 4402 5281 4193 642 8514 389 5185 7218 8706 1362
25 6277 9242 6522 3452 2895 8162 5542 2487 3497 7336 2387 2265 3467 3953 8466 7367 5643 988 7022 1703 3831 7033 8859 5126 404
25 6377 8166 5979 2820 1732 1205 5153 651 9519 7199 5989 2705 532 7421 367 6049 9750 1153 3944 6653 7827 2562 1506 269 1798
25 7683 8110 2933 8567 6990 1621 5633 6276 1049 3355 4822 4655 829 6531 8461 3318 6328 7128 8117 264 3649 2428 9315 3312 9924
25 3008 2041 366 8286 2517 5270 5930 8172 9342 5119 1916 1083 2101 903 3706 1616 1807 9982 3209 2826 5378 9728 625 3301 3034
25 1421 8164 9541 1976 8846 5022 570 5331 2469 9904 1347 393 5403 4999 9468 8032 5762 9125 848 8393 9551 7644 6143 5740 7639
25 5343 5228 2099 6686 1056 5 5573 8457 9445 3089 5820 8604 9173 416 5946 8472 5755 2481 5886 3890 2792 8408 5081 2723 1157
25 1135 7497 3560 1622 2894 8443 3711 588 3019 8474 6259 6929 5177 3658 312 7519 1577 8853 3243 6017 460 9841 5328 36 4367
25 2059 7411 8755 134 6935 8561 5912 373 2120 3357 8230 2744 8005 5745 5752 860 2182 8608 4380 3219 6508 7257 5834 1028 2194
25 4618 2209 8014 9624 8165 7400 5401 1925 6980 2872 2918 681 6949 8394 9455 7858 8065 7023 2569 9236 5795 1971 3815 5505 2932
25 2409 8742 7402 451 7771 2029 8287 3998 7050 3303 6278 3728 6640 5056 5013 8714 8066 8837 1445 3071 4814 2812 7593 7523 7850
25 4098 8504 1670 9269 7206 9431 344 2199 6075 4118 6720 2616 7868 9059 4827 558 3164 9453 2860 1811 7670 110 4975 4386 717
25 7948 3075 257 5068 5286 7470 3726 2306 3456 5961 3166 1759 4313 7127 8942 7348 3143 5644 5814 6005 911 966 7283 8707 3703
25 696 5478 7820 6626 858 207 1712 6577 6835 3581 7634 3552 6369 9715 8206 468 9332 6768 6688 6428 3800 7241 4672 1216 5178
25 127 8523 3455 5078 4961 3131 6166 54 6100 8712 5015 323 9051 8702 3175 123 8132 3464 2302 1127 6796 4726 4534 228 68
25 2736 9858 7806 4237 4182 5987 2701 3806 1648 7671 2083 1244 2363 1915 9502 4444 1285 4859 5791 6275 4283 3015 9048 7955 6440
25 5135 7216 8753 8907 478 7979 1858 5325 2929 191 9794 8655 8235 8983 879 6046 4604 5822 289 2435 5121 1739 3604 9521 9660
25 1563 3561 6306 9723 4719 8600 1156 5454 8759 2807 7485 1280 6535 1849 3248 1893 9145 2266 6394 4589 9898 8802 5432 4466 1144
25 8353 6999 8997 748 6918 6040 3427 4462 4483 3600 4417 2379 6236 486 522 3766 2529 9772 1354 7279 5683 2349 2704 2798 4010
25 6886 7566 7175 124 3809 1174 4721 8276 1242 2759 5447 2725 4504 246 4934 4132 1225 597 5207 2251 9953 1490 5750 8579 7359
26 3098 7745 3484 1901 6632 2347 785 5588 3716 6760 3733 4284 3876 5897 1161 9338 788 2588 101 9069 7213 2870 2503 3040 9426 2446
26 8037 7918 6187 5607 3668 9932 1099 7992 7067 981 3350 1404 8418 7159 8663 8626 1788 644 1366 2067 5935 6725 6435 5869 9007 1427
26 8192 7697 6106 7976 9204 5648 6671 4492 4116 1760 6599 7845 8568 504 8781 2779 7426 3653 7308 1546 1928 1039 5691 3268 2743 413
26 1260 189 4000 6490 5257 8623 205 1764 4216 7514 4436 4737 167 1103 3177 9098 1126 5843 3479 6992 7084 1571 3548 8756 9016 9414
26 1959 2054 776 4578 132 9096 2890 4148 4480 1360 1483 7621 8752 1390 8056 9008 4412 6183 804 9217 526 5673 3280 1379 1954 8924
26 7239 5374 3509 2887 6227 3516 7200 9099 3934 411 2637 5450 4275 5276 8479 9854 9875 7660 4434 9814 3705 1219 6343 1112 2310 7740
26 3022 1859 9021 7302 7844 3344 179 6837 6506 4448 5997 3769 9907 6690 7511 4527 5703 5918 2092 9365 9107 2727 5671 62 3226 6797
26 5487 388 6146 8048 5084 9791 3272 9088 2855 9271 6673 7204 3964 73 8092 5657 3486 427 8451 9759 9986 6108 1868 9260 1600 8386
26 9575 538 5956 5696 4501 3519 2226 7835 7908 9076 1274 2750 5223 9279 9040 6071 3206 4627 3864 3309 6383 5145 1070 351 5800 1878
26 4016 1905 2772 6667 3059 1400 8388 2510 3852 7029 6524 8769 3094 9615 4956 5236 1122 6472 593 1877 1484 7491 4183 2902 725 9197
26 3191 2906 9056 8513 8969 8336 1249 9161 9415 784 5528 2638 3678 2258 7225 9308 9063 9126 2707 5965 6899 861 4037 6028 8256 3803
26 6344 5630 8491 8126 4572 605 7105 3899 4298 7170 4287 9373 4596 140 8467 4676 5290 6449 7261 5773 1334 4860 4179 9873 5928 8144
26 6658 7405 2876 8047 3662 9404 4577 8765 8240 2372 1021 2070 5337 9942 8934 429 6341 5469 4458 9391 4967 3683 9984 5515 7597 9689
26 2896 1748 8013 5333 6144 3884 4488 573 6792 2574 2726 4199 5246 7055 3868 5410 4928 3254 6411 2747 7469 9808 7836 4375 5095 2339
26 6313 9177 149 4732 5414 5549 1659 8389 1987 932 8295 3207 307 5972 4633 650 5932 2925 4780 4161 2689 5580 4303 7251 1398 3106
26 46 1817 6779 868 4923 2824 835 4707 6723 2775 6335 4743 2096 8515 755 9057 4061 2823 7158 7664 1149 9359 4261 6834 2391 1303
26 4862 6346 9350 6154 3771 9582 4361 3324 8794 3941 466 5197 7963 7324 1517 8635 4774 79 6468 6065 5560 8036 7074 3837 1481 5146
26 4084 3215 2269 226 8365 6295 3810 3297 7126 6408 1442 7450 5609 5797 236 3302 3037 9590 3882 7902 3056 7544 2472 2962 1085 6489
26 2660 3784 6600 9674 4425 3472 4952 9713 8483 2069 6976 1608 7518 4131 7473 5775 2392 2987 362 5079 9905 5624 8619 9343 3861 8208
26 3680 2370 4329 7615 2801 1397 8558 2953 6050 7774 8678 9149 3407 1675 8964 5676 3348 6592 7487 5927 5634 652 38 4431 9036 2716
26 9634 6339 6289 7168 2097 2674 9693 1998 5461 6954 8180 882 4922 8899 3423 8355 4401 7452 2624 9257 4668 3932 8999 8456 555 7481
26 1399 7708 7433 2868 5916 2002 1708 9606 8114 3744 5871 1184 1549 4174 5489 3252 6501 3488 7423 2490 6616 705 145 8223 49 2080
26 3058 4027 9643 4122 3081 7625 8455 1694 4670 2223 7776 7300 5283 6300 5075 99 4616 6401 6287 7540 1059 8095 8929 4556 9200 9147
26 4202 2095 9739 7632 6371 7038 4931 891 7694 3033 5641 3814 4760 7859 7947 6701 5831 5096 9692 8982 2629 9622 1128 4994 9309 2976
26 9320 322 2785 9531 1092 8734 9352 2066 3695 6586 9745 9124 4215 9094 4751 915 9857 5142 324 6355 1607 9777 7478 33 6826 5151
26 3594 6517 8141 7160 6568 9398 4271 4151 3063 2746 5787 6107 3698 7744 5131 4083 4610 6621 1665 2094 308 9266 1940 1662 3872 6421
26 6454 5072 6960 2816 9530 44 1091 4574 971 5129 6097 4551 7833 6217 1801 2460 7484 1231 8454 2301 6895 8919 4484 7416 9540 7432
26 3981 509 5302 3412 7264 5438 8269 9999 2014 7821 4391 2970 2830 2865 712 7959 1279 1158 4702 6195 6933 5141 2734 7083 5162 8834
26 7337 5914 8738 7974 5110 7980 6419 9580 6731 9719 5555 5048 7307 4753 5251 2879 7427 1991 5617 822 4998 6358 8657 5316 1617 4808
26 1631 5176 9331 2389 7304 820 6487 8949 1582 5127 440 2165 2827 3388 2046 7079 5867 7268 8341 9340 2604 944 3460 8891 4516 7530
27 2440 5470 7753 1623 8727 8349 4548 4972 2188 4545 4508 9013 8836 2491 9434 9746 1482 3702 4896 6482 258 4463 9432 7888 3250 9676 8145
27 8536 2527 594 8526 5412 7157 9178 3835 9840 8333 4542 4413 1899 2353 1495 9154 3415 7803 2643 5521 9861 648 8142 3260 9787 7885 9301
30 7262 8775 2139 1375 8215 1574 1542 6890 1374 1507 5399 7669 1356 2013 9555 9223 5242 783 6614 5812 5024 4231 8096 1077 6598 7202 2550 2703 3343 2161
30 6034 2966 4357 3158 3956 4557 9599 7390 7739 6448 8321 4791 111 1467 6291 314 5345 4230 2064 8352 2458 3287 5435 1129 221 4226 1698 6496 8398 1728
30 9064 3856 9865 8196 548 4178 4757 1437 7954 7696 6311 4995 8275 9585 4769 3957 8790 3140 5845 1952 3681 4172 3265 8251 7087 8696 1118 4134 5051 5922
30 2518 6082 9914 6687 7667 5266 7688 7338 8423 3914 4392 4510 6209 7044 4180 3002 5322 1812 2886 7946 1133 5252 2985 7051 844 9280 7412 2946 4052 7369
30 3539 3039 6675 7855 3440 270 229 6889 4181 3633 2318 810 1202 8205 3995 1802 341 3898 5138 8369 8468 7577 7136 8183 5209 2219 9451 6207 5813 5431
30 115 6104 4518 888 2202 3954 2968 8762 9243 7681 6702 8867 8195 1419 6445 5667 8411 7052 2993 4390 6594 8724 7869 8130 197 9493 6373 3676 9010 3441
31 6744 7809 6314 9211 6351 4022 4600 2249 7826 1086 9567 265 2877 8893 5429 4519 5685 3003 1903 31 8849 259 5949 6015 9773 3942 1938 7269 3627 488 6941
32 1797 2053 3076 954 2858 1284 7756 4416 5037 4474 3727 2474 955 6986 5348 6573 2905 8683 3576 8487 3298 791 4418 16 9427 6007 1837 5833 5806 7905 9596 6950
34 9954 9911 9908 2308 5010 4142 5030 7878 5960 1336 204 7938 8943 4813 4337 5811 9971 4728 756 8602 2593 5846 6844 7880 4408 602 5148 6317 1619 6788 8589 7073 1683 3983
34 6374 7221 5419 220 2257 2267 8818 9885 6828 8100 3950 7214 9296 7717 2594 8910 5499 8380 7184 421 9997 3671 5839 349 1751 9656 4977 1585 5942 3787 9609 8090 7413 9960
35 3507 2541 2563 5111 4023 2255 7522 9058 5272 8501 746 3644 5926 1669 4570 4383 3734 3715 7310 7297 7722 4189 2196 5147 7618 3180 491 927 296 3095 6177 6334 5011 2767 6070
38 2394 836 1953 7201 5873 603 1426 9417 8994 8441 3492 1645 7395 1663 5599 4162 1680 5623 6979 9129 6045 4611 2592 4729 6627 1425 1147 3520 6782 662 1570 3224 3652 7228 5604 9446 1983 1287
38 3102 9287 1164 8778 5828 8744 3911 8124 869 6477 390 9771 4315 3797 1641 2259 6035 371 1403 7374 9189 4257 8508 1234 9552 9307 188 8391 436 7977 4364 1074 937 8858 2298 637 8089 6914
38 8151 1166 3525 7725 6229 6964 1076 8716 182 6136 4908 9956 5130 58 6019 5311 6148 3304 8488 4126 1288 8279 3390 6158 6943 770 7524 2623 2821 9637 6968 8043 898 7906 8482 329 4273 4554
38 7785 9533 9488 3897 1713 2475 8497 4005 4766 8046 1114 218 4691 5439 7964 2133 5204 301 469 7801 1408 1043 6057 4697 2583 2730 9210 317 5964 598 6958 762 3417 7165 8282 7563 5239 6112
38 9248 8540 9193 8920 5456 4771 143 3084 8139 5578 1213 1190 5407 5688 2908 8260 5368 108 8082 401 8320 9169 8925 1633 4723 9123 5388 7748 5485 7166 3687 9383 6118 18 4339 4424 6151 6384
38 8058 4692 7368 4626 9399 5275 5788 7059 9600 6193 899 5749 2448 2521 1969 900 4811 9792 3035 3677 7991 8580 5817 5760 9494 8 5055 2337 6981 1141 9764 9025 7565 1576 1488 9369 7303 9782
39 3227 495 4097 2334 4900 7 7181 1344 8364 8866 3275 8222 2145 176 9608 6717 3529 7951 3571 7026 316 9371 1581 6147 12 56 6212 5047 9220 9977 4295 1312 4220 7151 8138 6978 2698 2656 1579
39 7034 6211 7773 6249 1615 1080 995 2853 8685 9910 1825 2307 5248 7950 2671 6693 4918 8581 9198 926 3046 8647 4267 1148 5159 3238 3718 4820 9014 9646 7996 6546 6569 3126 3522 7719 8541 2847 7702
39 2654 129 5597 8002 9201 1540 6934 7559 7705 8825 7600 6032 9690 2836 6323 2598 240 8888 4752 13 9061 5533 9486 4149 360 5202 4079 6685 5737 5889 1586 1278 1180 9714 7350 9 8538 7219 6576
39 3026 6391 576 2493 8900 5726 6084 2625 5264 6606 2888 4861 623 4324 89 1847 6845 4785 5581 5254 107 540 5978 1514 9120 4841 5591 4731 6088 3987 8311 6676 8613 9095 7831 9669 6635 1966 8397
39 1152 9377 4009 5950 3383 5618 9206 1881 4580 2450 2098 8923 6096 8174 3792 8313 3327 8948 9775 7863 7183 1095 6876 1497 3641 6998 9793 9781 2833 1195 3931 9747 3113 6959 3923 4905 6955 5536 8452
39 3694 4747 1882 4925 750 6010 8000 766 148 452 1594 6285 3637 6250 1731 8080 9797 0 6348 6973 2157 831 6051 5825 8070 7281 4649 70 2814 7424 6052 4883 9940 4476 8641 5057 8083 3719 2677
39 7822 1159 4646 1555 5190 4818 1808 6761 9439 1552 3886 1636 5269 5044 7813 7008 5563 8838 3742 9196 4286 1544 7409 4927 6441 1191 1699 9850 7818 82 9818 5494 4904 7649 1898 7896 6911 8606 4451
39 3434 9221 361 160 4755 6624 2795 664 9520 1173 4563 4041 3274 4354 251 5735 1536 3762 2193 2683 8879 2277 1295 9168 383 5718 8249 2679 2421 6715 2423 2113 5342 8168 9711 5413 797 8404 8735
39 2192 936 9868 7032 2499 3820 747 5467 3322 5669 7983 6390 1658 5003 4795 1014 8877 2326 2554 4976 690 1599 8385 845 432 9936 234 5647 3853 6294 86 2456 6465 1341 2608 9259 679 5637 1826
39 8574 4457 9049 4678 923 8012 5493 6817 9921 9922 8684 7376 6631 8384 3612 2843 2211 3871 8371 6993 5653 3405 3172 1377 9765 2794 6481 4522 8265 3781 1093 7138 2289 5455 7436 6881 3400 5474 3335
39 6589 1292 2873 9522 6623 165 4095 6018 4509 3922 1367 7343 9336 5198 5460 3028 2998 7673 6521 2961 6461 3042 7968 2880 2185 4641 6664 1865 431 2073 5923 5436 8372 2280 1602 5058 9241 430 3518
40 5982 7100 8887 3730 4325 5884 3558 5423 1545 6302 7349 4700 7509 5404 702 4901 8216 1064 4305 9507 3741 2610 5977 9878 5232 5855 9004 1454 4506 2138 3229 9614 298 3591 447 4844 8137 9214 4479 4
47 2612 7288 1572 7720 6869 2427 2709 8625 4129 1022 6700 792 8572 6534 131 3945 4308 7035 8433 2606 535 6944 9146 7391 2376 2411 9317 2221 587 7537 8327 3255 1909 6266 8701 2819 4446 3656 4909 2922 9589 4069 4311 437 8424 424 2864
48 7898 6830 4978 978 9756 8633 4599 6099 7539 480 562 7458 5224 3128 2669 2914 8152 5937 4157 4197 9024 5616 6514 7496 9215 8363 8211 7311 7017 8374 6405 9717 8865 1137 6241 2286 4296 3347 7393 5476 8044 7758 9937 2964 759 5449 4350 9827
48 2035 3595 8221 4191 3684 6766 2488 8053 7290 4530 4269 6368 7606 8797 5883 763 2287 9454 2502 9909 6093 1961 729 9876 3688 5361 4040 4962 1087 3134 1456 4897 1472 7772 1614 9560 7881 796 5865 4606 8980 7410 1758 9577 5508 6931 2408 9635
48 9438 7904 8201 2615 5707 418 9525 1575 5836 9203 7617 9703 4399 4054 8636 901 7154 6273 3288 302 8091 7834 7742 828 8226 8078 9993 685 4568 1204 2032 8106 758 5714 2839 7356 5458 7586 3218 7131 3984 5408 5666 6257 8057 5790 1701 59
48 3031 395 4817 7408 8905 7185 5784 8499 9601 3745 9642 9184 4077 8503 6991 1060 5551 3369 2806 4445 3836 455 2152 9387 4778 5446 3665 7001 3012 9831 4332 3284 1677 8612 5854 3185 4911 9829 5592 6819 6789 9558 7824 5891 3892 590 2227 4281
48 454 6226 7978 3927 8392 2666 1478 4812 9005 9887 9648 1935 2764 7611 3041 1809 1301 2210 9749 4203 5150 6665 4049 7568 4140 3863 1972 7899 8332 6917 8396 6518 1230 6242 5876 2540 2449 327 8654 811 5900 6559 5819 3690 9700 5334 4951 778
48 1487 2430 5575 2010 336 653 7358 9891 8908 8238 2564 2361 1813 3422 3819 4310 667 5077 669 1015 2007 5434 5661 6246 5294 6080 7985 6433 3838 3500 1951 6644 9811 3679 321 8884 2090 757 7731 5318 7733 4277 8690 5547 6721 8718 6210 5280
48 1855 1736 9489 3713 2951 3504 6022 1185 9339 6770 7676 7603 7039 1350 3870 7784 5596 7476 7814 443 1052 3780 6470 4531 9650 2300 749 790 4683 9721 6073 7002 8430 7335 9938 2463 7146 4790 5046 7714 4133 8453 1082 8517 1923 3850 1001 1210
49 4541 7781 7189 2030 7767 1691 8611 5776 2822 7437 5459 1726 9668 8861 3184 3310 1452 8648 2100 807 5896 1084 8278 7751 5312 2172 2516 7042 5758 1522 3903 9396 707 1290 6585 3107 1841 8808 3559 3535 818 3093 566 6492 8552 840 2019 4320 9753
58 3305 5233 859 7997 9323 1829 446 5531 9294 6872 9067 8507 5894 438 3349 1479 2170 5753 3014 7057 2940 3378 2329 1115 3111 5874 5798 6258 3928 6533 3858 794 1652 7789 6364 980 6 1562 9545 398 2410 5939 5390 2862 3749 472 8594 9860 4160 6795 9990 8120 8941 3929 5857 6016 4013 675
59 559 5778 8569 9034 7851 5144 6330 479 9931 299 3978 5895 4968 9467 5065 4242 5362 4823 1473 2321 8156 9277 579 5973 3264 1958 1327 7943 3611 2238 4490 2926 3860 7459 8519 962 9918 805 9736 8770 1823 6350 1718 994 1207 5848 1293 3408 5179 8113 7533 7527 3064 8087 6507 1887 1318 8185 4553
69 492 1277 6176 8972 3153 706 8723 7989 6011 5544 4363 3626 3971 7953 9484 1120 4735 4540 5659 3080 2224 8232 8607 7215 6434 2457 3543 7289 3712 1573 4057 6853 4018 3620 3887 906 1306 4127 1931 1088 1359 3480 3975 2618 1055 406 6650 6750 3110 6191 722 4799 1009 1304 9131 8862 6458 1722 3724 8163 8870 6271 8122 343 6748 4432 4725 1705 3279
72 2591 4218 5274 1011 6545 4793 4321 9465 8267 2114 410 6349 8666 2252 7489 4886 2697 948 6322 2786 5443 3965 2492 7069 635 3791 3848 8308 1892 4695 2773 5931 8939 6595 8674 7011 1962 6603 8001 8123 5293 2203 2322 9176 6060 8337 998 5682 1261 263 1653 2271 295 3043 5063 2130 4338 7115 3478 2134 3589 7467 9281 4158 9915 2724 710 1418 4987 8527 4047 9354
99 4473 8169 8824 632 2752 4671 3020 6520 1848 2878 9568 60 9390 3533 9290 5731 5395 8717 4996 5652 6365 4779 4393 8959 8722 8622 1642 2312 8008 7235 7123 5376 4185 5988 2609 9569 9834 910 8898 1439 8098 5821 170 1254 6113 795 9770 5471 7133 8947 737 9374 2845 7601 7375 7713 391 7766 5631 5125 4091 1547 2691 8847 9970 9776 1559 231 6288 3994 5720 7460 9638 7182 6127 20 465 4145 4803 2509 9172 8740 2983 7641 9517 8480 3562 5174 1139 2049 2770 3286 5415 4865 8019 1019 5253 136 616
240 9849 5071 3503 4341 2620 7242 7053 4983 6074 6153 2815 2628 3638 913 5296 2103 7163 4759 2253 4741 5545 9499 8429 7112 8726 9461 8897 6840 2200 6994 8463 6087 1939 8119 392 9311 8490 8319 5265 2243 5230 4177 9097 1805 3514 325 3069 4716 3586 6152 1226 4042 5029 1003 5273 2441 5646 8178 7783 9334 9673 4348 9227 3723 5944 6170 4156 7111 8375 6919 9906 5398 8331 3588 4750 3857 638 5953 1247 2586 2544 9304 3755 3812 4241 4292 6613 9532 3402 4319 2055 5225 3825 8414 4268 2840 8535 2848 3120 3664 1510 7700 3619 144 464 7161 3204 9117 8210 1646 7036 3386 5697 8171 2659 6997 5504 3313 3631 5020 2755 5629 3880 1020 4592 2664 2818 8147 4929 8556 7937 6453 5108 9677 2897 5538 4374 3528 8582 3458 4846 1343 1569 6439 7472 2530 2276 9766 5665 7825 6342 8710 3032 9796 6260 247 3737 1006 8350 7986 3289 6221 976 1378 181 224 2597 9916 557 3643 5173 8874 3097 7252 2627 5723 4120 7404 8618 2225 5571 3021 1300 7795 3259 4622 8700 3985 5859 5370 9380 5606 5501 8154 7058 3969 8054 4186 3380 7093 4955 9573 8921 9329 8543 8957 8301 2273 6467 9430 6185 6479 7173 4243 4538 6063 4891 6494 2163 3883 2169 5543 1948 3618 626 4662 8131 8217 5244 1150 3617 2208 1212 1038 2117 4124 5841 8069 9536 1558
