15 5679 8598 3922 3387 4768 4071 746 9543 2672 7822 1191 4701 5245 2207 1910
15 1179 2150 6056 9141 3766 4935 9111 1109 3902 9445 2086 5195 2000 5171 5998
16 6613 9861 6130 7849 6340 1408 7426 5919 6808 7995 2091 4922 928 4926 4550 1797
16 4506 2098 1666 1111 4891 6507 586 8858 152 9211 1359 4392 5653 2755 8462 5911
16 3117 1959 8725 6430 1717 9321 4141 7324 3611 2648 6257 6557 5326 1756 7790 4215
16 8450 6440 7418 78 8946 1141 8097 1769 9858 2365 9492 2252 167 4938 1166 8136
16 3160 7590 691 2849 3016 526 13 395 2414 9194 1278 3049 9495 3507 7514 3597
16 5634 3440 3155 9189 3815 7901 8372 2146 6330 8546 6347 3899 1779 2841 4175 7701
16 5954 2854 7759 5454 5604 3249 9014 1574 4189 8709 1846 3681 9817 9268 8532 4520
16 2139 2734 1434 187 6885 8232 719 1813 4065 4804 8407 4049 3560 7748 9299 7064
16 2922 45 2368 5455 3425 2600 6042 2805 7914 1386 9340 7256 9688 6459 2106 5297
16 5831 2820 2603 6933 820 3216 8424 7576 4760 9282 558 8299 9850 4166 2916 1600
16 9670 8033 6198 2995 2717 7851 9191 1641 6638 1788 9248 4632 9951 2506 974 7336
16 7633 2378 482 7229 6791 5801 3720 2202 4066 4433 1247 9992 9236 9219 81 7117
16 2921 6392 654 5645 9814 1833 2381 474 2698 436 8383 5944 7539 5896 2873 2021
16 5266 6812 1711 4114 8698 1204 2996 9440 3832 7855 94 1030 5837 1573 6231 1706
16 9058 3183 2223 7320 6570 5835 9413 7662 4322 9988 1817 3384 9136 416 2599 1402
16 2822 1785 6428 2440 4467 7643 9145 9392 4523 2586 9180 4466 3265 2583 1250 943
16 6599 2446 8019 2870 9106 577 666 2993 2652 5030 3756 8657 4507 7331 9989 700
16 6423 5057 962 8099 9488 138 8551 8644 3877 1568 5535 8472 7030 498 6623 9640
16 7136 333 4172 9738 3516 389 8141 681 42 8220 3363 5524 5151 7393 4056 9176
16 2234 3042 5371 3592 7277 1999 4078 2209 8849 6669 9360 8364 4447 9727 7183 7061
16 9049 2851 8346 5500 4077 1187 5160 6021 929 8896 8394 7606 7244 7349 4019 8095
16 835 5260 6975 3660 5482 3187 9351 3831 1572 3590 3511 3236 2649 1679 8558 5775
16 7833 9475 1134 5959 9832 3883 9822 327 9159 207 102 934 445 659 7607 9660
16 5014 993 3075 1130 2550 1271 8568 8447 7946 4338 8523 9166 8654 4944 8471 4287
16 5588 5832 6950 4764 3240 3860 2191 3288 3104 8653 7297 1942 5156 2459 5116 8206
16 156 4052 6424 602 7427 4398 2452 1599 7511 23 9589 553 5492 9940 3951 9862
16 9371 2265 5955 7642 4260 7205 9740 3076 3492 1038 548 910 6635 2693 791 8996
16 701 4753 7794 9561 7179 5097 994 4246 9243 8406 7343 6683 8205 5503 3258 6864
16 6261 3039 295 4967 8044 8544 9168 175 9215 3256 5552 8440 2496 4259 8906 1749
16 9997 2863 2584 7138 2038 1938 1377 2517 2351 6265 1842 6294 5511 6664 5345 8381
16 7318 3448 6781 306 7653 3875 9435 3423 1965 4473 7760 9568 68 8586 2542 6106
16 5254 9888 660 1587 5777 6845 8724 9054 4830 8184 8607 1387 5383 8977 3579 1121
16 3709 8085 8246 7047 9157 1512 8128 9447 3628 188 4170 528 8399 8413 6611 5582
16 7245 9151 7080 4904 8172 6096 3153 3145 671 3233 8453 4801 4469 9366 7329 1562
16 1826 3123 6603 4662 4303 352 8207 7216 6425 698 2795 7918 1364 7574 8143 5637
16 9446 7566 1492 90 8468 7096 6214 2793 7235 5952 9820 4996 5917 7611 5462 5506
16 9601 9284 7132 4494 6543 6897 3632 3169 5467 5334 8971 4660 5185 5031 2482 2370
16 5876 9714 9872 7313 1660 8404 1824 688 3209 7186 2713 596 159 7397 2525 1488
16 1566 8995 6190 6488 1062 1060 1734 3361 9942 8125 9336 8870 8710 9743 1807 8952
16 1539 1425 4236 5008 4878 3119 2785 2442 3149 5153 4909 16 4917 8910 2337 9327
16 3210 5130 626 6796 4543 5324 7439 7251 34 7042 8431 7394 1909 26 8204 6027
16 5798 3856 552 2813 2855 1816 89 7694 8851 5898 108 4239 2 7384 7869 9736
16 8786 7871 4503 4481 7309 8400 747 432 5654 3513 6277 8106 729 5394 8973 3045
16 1472 9155 6891 3581 4759 957 7382 5325 862 3452 8545 9662 3179 2801 3427 219
16 2563 5703 3505 3775 1893 2874 2554 8434 9441 1285 3630 810 7496 6046 465 2492
16 5262 7015 5209 8286 7529 9685 5537 6258 2876 874 429 1275 2169 1051 9454 8089
16 8267 3171 6671 6720 9868 1437 7448 8170 5197 9075 5721 7358 2005 6032 979 6552
16 4067 5751 3950 5855 2815 931 7482 571 721 8701 4165 158 9864 7876 6378 1428
16 1415 9718 9695 8227 1924 271 6890 5740 417 3383 7689 2933 3741 7942 2466 5184
16 7475 4169 61 6970 5127 1675 8950 3844 6102 6563 2353 3177 5999 7526 4226 618
16 6578 8324 9966 1429 5940 462 5448 294 5416 6348 6990 4025 584 6006 3433 7478
16 3181 6655 8003 7698 350 4896 5387 5349 7481 1614 9592 850 2526 408 7032 3539
16 3534 9756 2524 3260 3519 4458 9459 7516 4 8327 273 5207 5612 2965 4724 8755
16 8624 4824 3762 6005 375 5313 2126 1923 9678 3755 2519 6464 792 1290 5497 3276
16 3027 3501 4214 7922 7894 2858 3064 2640 6382 2293 6407 4415 1124 397 2320 6510
16 1691 2304 5534 2144 6868 704 7840 2233 323 7345 3321 7167 3890 4731 3578 6573
16 5669 896 2736 9984 779 1558 4186 7416 2051 8820 8445 4716 5360 147 6676 6215
16 2847 5668 8766 5619 9565 1888 4388 8917 6999 7005 8550 9525 1201 1514 5660 7319
17 8579 6982 4980 4349 7639 3247 3496 1035 9826 9957 3533 9117 256 8415 2394 4334 8720
17 7720 5241 6461 450 702 4091 5472 479 9797 5815 3921 6155 6871 69 4529 4293 1006
17 7011 817 4046 9636 3524 1597 7543 4715 9150 3764 9772 5520 6073 9816 6681 610 2153
17 2758 3190 4611 6229 4852 5062 7609 7735 724 9594 2163 2830 7006 1831 5610 0 3430
17 8103 7678 4119 7584 4960 5046 8057 9925 4661 8595 9328 7613 4794 551 7173 7581 8008
17 3491 1048 9960 804 2156 9246 1143 8121 6668 1925 4805 3665 3482 6154 8027 8890 7151
17 7937 8039 3704 3025 7704 2803 534 1468 4060 5756 2332 5903 9139 941 7450 6396 6909
17 5377 2963 4034 9190 5724 5868 3347 6554 7408 2138 35 5499 5706 675 2260 9455 661
17 4581 8948 8590 7402 4807 1746 446 3640 3339 9646 276 1037 4803 487 5942 6168 7680
17 2198 6992 49 2836 2557 5529 9755 8875 5247 4327 4560 8266 9795 1007 7282 3568 2216
17 3503 1976 5115 2305 8049 4777 9384 3139 3992 1220 8237 3391 6556 4627 1120 4090 1625
17 750 5771 6200 1805 5136 5794 4099 3867 4717 6889 9606 8438 6748 1053 6167 3416 2006
17 2635 8854 9581 1579 1808 7828 2636 2823 601 9742 8090 1466 6152 8026 7026 8178 5603
17 4616 6227 4634 9288 839 5532 5595 4057 7793 8386 8543 3128 6610 9460 3575 854 3903
17 3873 1577 816 4797 4766 4122 4994 3656 3972 5069 5966 6640 5886 1021 5908 7060 1736
17 2297 7708 4773 9361 1704 5213 4088 227 915 1067 8017 191 8513 6416 3919 4577 4572
17 8432 5041 6888 5865 336 5113 9227 2512 6475 4802 40 4279 130 968 5516 4386 9595
17 2772 570 5465 5370 625 9764 7545 2765 8961 4949 9887 4397 275 6001 1631 1023 6526
17 8565 6910 2141 5333 3150 8074 2343 7147 1462 9629 4677 4001 7679 3118 8046 6826 7105
17 8315 3235 286 9498 612 7222 523 6497 1896 3911 2241 6879 5934 8120 8717 4694 9171
17 5476 9506 6935 9352 5128 9559 6030 7084 3396 6374 5263 7295 2479 2430 4137 1589 8529
17 766 9131 8118 7219 1410 6092 7449 1835 9224 3682 8841 2140 1417 4480 2573 8937 3525
17 2711 6785 687 4754 8492 4751 1751 8297 665 1139 3385 5881 4650 5997 6177 3989 650
17 4115 7148 4671 4796 6597 8152 8983 1424 3991 726 3765 4390 5973 2890 7380 7800 7328
17 502 3855 5298 7742 9123 8936 5181 5598 8751 627 5829 3623 5308 4834 8569 6220 4133
17 5826 6516 1465 663 9033 4200 404 5658 2633 6922 8615 8277 593 4639 3318 8417 3647
17 3636 3353 7674 9696 8502 5673 5147 9692 5388 8730 2090 3929 846 8835 5967 422 3228
17 6493 7867 7519 4573 7485 4248 8681 6379 163 1784 2415 5304 9179 8254 595 9009 5527
17 2417 2182 2607 7494 8366 6729 328 5984 9584 4568 2330 9635 4765 1531 8903 6819 9610
17 4974 1752 9031 8504 9417 5608 5941 3833 8177 9037 9257 8927 7031 8740 2384 6000 4074
17 8833 7798 6237 1241 6869 8714 9027 7176 220 208 7865 1174 4140 2589 8942 5034 818
17 9053 4182 9890 1764 8561 6956 4107 773 4501 280 9443 8183 9213 27 1125 8339 6727
17 8078 377 6319 5049 1040 8850 9930 4156 9856 4282 1519 4101 8115 2970 1578 129 439
17 5354 2954 8080 6778 2777 5914 3643 4318 7929 1983 6463 8566 3618 9907 420 8859 3569
17 3562 8669 9038 7781 7337 6770 2864 9538 4989 6931 7787 9202 1520 8829 3259 2352 8476
17 6687 9104 5564 6093 6402 9732 7458 5632 2472 6936 1809 460 6925 3306 4219 1964 466
17 493 6197 3968 3827 7175 1312 5336 3878 314 7395 9913 1712 3772 1768 3937 5528 6754
17 3060 6980 1348 8073 4238 5938 8781 1670 4068 1192 1014 1205 9522 4870 7636 3005 2239
17 6699 2350 4910 3557 6677 1907 4391 3716 7723 785 2912 4867 4524 6606 914 4860 3655
17 1595 1860 9933 4535 7744 6983 1175 7707 7383 6304 6286 4095 5963 8601 2798 9226 9193
17 1753 4574 405 5939 476 6062 7984 5149 7569 9591 5475 281 8592 4808 544 3333 5545
17 5583 7014 3914 7890 9073 1422 7985 7442 1059 60 7579 7367 4249 7116 3367 4144 9520
17 2335 5846 9787 3316 7335 2715 1148 3694 667 2244 8885 3350 6961 2003 1560 1505 3723
17 2766 7115 3044 7982 6363 2940 1100 8733 4006 6509 3278 3172 9378 9811 9130 3735 4703
17 736 3295 5086 6876 6822 6485 73 2221 7668 4567 5714 2053 5478 1677 1770 5428 958
17 9791 2418 8625 2971 2756 3268 3953 4050 9120 1421 9095 7575 2186 8193 5400 883 5554
17 7782 3551 182 1956 554 3460 2069 656 6857 6595 1491 3471 1186 128 6150 7691 4780
17 3198 1196 6959 1113 9470 2263 8919 4937 477 3781 3698 9042 7969 3476 9754 3205 381
17 457 5675 5112 9408 9806 4629 2167 3019 499 8993 8617 8337 3983 9323 7023 6070 1237
17 5557 4474 8934 1330 2604 8481 1140 3302 6482 3312 7638 6250 6928 2228 873 4914 8288
17 9884 82 1758 4195 2747 5574 9263 9752 7845 9719 8250 768 221 6580 1236 1009 5010
17 1365 6151 3679 3987 9304 2012 7864 5553 9019 8745 9039 3264 170 9785 1152 7271 6465
17 3782 6003 3659 3322 6234 6284 9621 2578 8530 555 80 111 3277 5219 2837 649 5380
17 5233 6973 6790 1554 6351 9967 5226 2768 9825 4969 7765 7776 5579 6119 2886 1510 8555
17 811 5206 6474 7230 1926 4151 8083 5566 9175 4966 3612 8540 1398 4152 8500 4833 1517
17 5613 1339 1066 8797 5134 3324 2469 7724 9804 3932 961 5310 9052 9385 3866 1639 7623
17 7883 5555 1862 1590 3201 9632 6117 9128 540 2396 4442 7699 7161 6620 8699 7621 7257
17 7487 7552 1700 4957 8547 8130 2769 6756 3462 5483 9956 8282 2614 7323 1293 6515 5259
17 6245 7020 4607 6445 7232 1890 2930 9627 2752 9515 3050 2664 4784 9394 3545 5573 3029
17 8980 5889 8678 4951 1556 9747 1407 5237 5129 2399 3598 5895 9721 7872 715 5817 9521
17 8166 8134 5965 2205 9891 1499 2570 3582 3811 8261 9129 8613 2253 3442 229 3291 6221
17 3099 8052 3954 1608 7986 1737 1776 2323 5258 6113 3455 952 8162 2147 4697 2992 8752
17 3701 563 2195 1863 1745 3518 2145 1325 2860 9836 7109 291 8053 4710 1080 3707 1178
17 3126 5109 9416 4400 9382 3323 3898 3845 338 1644 3266 1264 7667 4181 3267 5964 8626
17 8872 1267 3405 2555 7769 1025 2049 4084 5860 7249 8418 6844 2024 1740 7974 1133 7572
17 3051 1818 1036 4311 4455 2767 3702 4476 5148 6313 5680 2085 6995 6278 7406 793 7582
17 3693 2152 7695 8969 5077 7421 7979 8356 8503 4769 9699 7648 4436 879 164 9231 1357
17 330 144 4217 8949 2042 3763 1049 1024 3620 7528 2535 421 5005 5436 117 6800 9374
17 676 3417 5968 3 8063 5585 4123 1380 5182 1448 6504 309 2358 8966 4304 901 3377
17 9702 3907 9751 2914 5460 7625 5713 4655 1239 6520 504 4355 1138 4076 2391 6427 7072
17 6600 2168 3009 1855 357 1123 629 2746 2401 5945 5307 2677 232 8281 541 1460 4253
18 4757 7351 9612 906 9273 2906 6283 3744 9115 4009 5066 215 919 6767 6500 9186 2842 4902
18 2966 9428 5423 5082 678 1715 3757 4286 4718 8954 4252 4309 7149 3667 1521 8488 4079 428
18 8464 8693 7603 2201 1260 8584 1795 4005 4636 8421 8992 4530 5901 970 4302 2009 2080 5221
18 9251 7180 2236 2166 7957 5990 908 9147 9121 435 5278 7847 9187 1761 8283 1240 1356 5225
18 5461 1197 3036 9761 3733 5144 1588 1604 7728 7721 4082 4314 9773 6966 2279 6436 92 8295
18 9079 9735 7976 2048 9076 6444 6718 5020 8697 5705 2339 7144 5797 9590 6657 9549 8526 8991
18 837 2057 1282 5052 8957 8176 4323 6710 2710 8410 590 5435 2673 8958 33 5578 9355 2778
18 9899 3680 7637 393 2840 1203 6551 5351 4514 6658 2642 3479 1750 7412 2868 385 630 7069
18 598 2037 9974 7177 8549 8884 4408 8663 3292 605 4587 1430 4817 1441 1276 738 9165 5862
18 6765 515 3881 2295 2468 2439 7087 4093 5912 7719 3783 236 4185 9654 1114 8156 6880 181
18 7279 434 1210 7158 6985 784 1042 9831 7016 1095 7022 9242 6049 5693 3443 6816 1674 4656
18 7120 1822 3696 3380 3671 5251 1016 2036 3283 4250 9937 9096 7436 2137 3411 4739 171 3034
18 7650 9484 4983 3238 3332 5883 7327 9494 1300 4730 5683 6411 9356 6105 9665 8201 200 6145
18 7752 5051 9874 7488 5224 8293 9504 4692 5757 4958 6707 9651 8883 4207 3594 5625 8955 624
18 5696 7286 4903 5166 6779 2346 4307 9961 1592 8093 9583 1671 4401 7118 1571 8563 6290 5294
18 288 4622 2395 1659 9777 238 2775 8072 5 9489 6292 589 4887 7259 4553 5671 9467 2292
18 8765 6016 62 343 8865 8012 4975 9599 2644 3669 513 2591 3079 3335 4874 8284 8591 6443
18 9286 6322 7381 1794 4030 4495 1373 489 5682 132 2622 8727 8913 4069 1735 5420 5114 2362
18 8778 6275 6211 9625 4192 8575 1681 6481 2101 1283 6125 949 5318 5867 5126 6615 6954 8148
18 3373 7430 7773 4053 5229 6262 2569 7842 740 2359 1093 8257 2429 6566 8263 4431 5399 3712
18 5117 1217 1787 7086 5201 8006 3091 7910 8746 1689 216 1414 319 8609 9223 1004 1804 9389
18 1390 706 9097 5210 4096 8594 2058 8368 5368 6622 3917 7299 8737 8528 83 5438 4261 8965
18 8234 4976 9258 2018 971 8754 5022 1547 3949 9955 1198 1854 8756 8050 4486 6341 4579 2019
19 1515 9462 6766 2154 1131 8375 2918 9407 2129 8968 7359 1160 7777 9184 9315 1222 1342 3686 483
19 7191 9322 5525 5796 899 2258 930 606 43 4298 6128 9477 185 5446 9235 2771 1493 7620 1930
19 9200 7952 5522 5857 2782 7464 8494 6859 173 8911 550 392 1799 8435 5191 985 959 7520 5698
19 8273 6123 2701 1257 6255 2218 289 6753 4104 1760 1612 3722 8726 5744 6618 4183 7605 8667 6019
19 1076 3537 1229 682 8634 703 3033 7239 4221 4597 5353 4377 9753 7369 311 5315 6764 123 7056
19 7253 3410 5910 2013 3536 1961 4018 1575 5949 443 7715 6242 8108 1969 6794 795 53 6746 7598
19 1772 3331 5456 7992 4227 8439 9980 1985 304 6421 4933 5726 3851 9963 3186 7203 987 954 4663
19 3746 4948 2301 1487 8564 5188 2838 2608 6299 2096 6643 5079 9238 9546 320 800 594 4546 5205
19 1442 6410 3412 1913 15 8651 3836 813 6452 3731 9537 8711 3703 4278 6731 1055 1238 9664 2174
19 5244 1412 7538 1593 5125 4673 3541 7201 5580 5228 1865 956 2637 7944 572 5170 5704 1585 4270
19 3847 3242 4858 5348 6519 3225 8320 3804 9803 3573 8285 745 9456 9310 243 8377 9324 5434 9466
19 6815 2609 3997 5138 6395 662 3040 7866 7896 4358 7675 3489 3745 3192 3429 1354 7213 3102 1718
19 9391 5167 5323 1344 9585 3528 2745 8328 1440 7379 9183 8620 1368 8718 6393 2410 893 8296 6757
19 780 9229 4795 4313 1542 9055 3001 8790 8442 4116 1485 5547 9092 6945 5982 5393 9656 2784 2942
19 9397 3272 7347 1245 93 1322 5157 3486 760 7915 250 5587 3858 6309 6446 9395 2499 3869 9269
19 5542 9915 9329 2298 8970 2770 8239 8831 402 3326 9272 3151 4394 7054 3854 5218 8897 3651 2846
19 2212 2762 5424 3619 3103 2908 9892 2744 6747 3777 9254 384 6665 6670 6802 9611 579 6619 3057
20 5102 4788 8924 3114 91 308 7878 1340 9485 8572 9571 939 2242 7441 4566 9622 4472 7751 3871 9035
20 9669 2920 6634 4722 6007 6703 4231 8111 6099 7467 6437 7110 6036 365 4015 679 8004 6098 844 6691
20 4126 1165 5863 7065 7028 8454 5759 6752 2531 4487 9943 5303 975 2136 996 2334 3170 8728 9964 9996
20 9790 3346 5925 7988 3297 1998 4273 7489 7356 7561 8256 2247 6971 9725 2728 7392 8076 6218 2310 8191
20 9708 9898 9648 4734 2738 9133 5457 5639 3558 4251 3604 380 6274 3803 5223 1012 4500 3147 1392 9715
20 7980 690 3644 6112 4395 8022 3420 2687 9393 3984 2541 8249 7927 4465 8235 9059 4083 1532 1523 8809
20 5783 771 6244 9745 1904 5784 4356 4809 9975 1258 9172 2674 8741 2433 8646 6419 2950 2068 5332 8908
20 1994 6616 7891 134 4621 6817 6389 9107 4950 3439 5875 9880 3299 3934 2158 2027 8581 1167 8262 7200
20 684 5850 8478 5177 7960 107 1541 1420 7240 8292 6919 1411 6331 4163 9780 1952 5956 6734 29 796
20 4628 4942 5670 4828 4350 6057 5742 6994 2794 3830 6212 4745 3243 5772 2489 7981 6978 190 5302 8517
20 9241 7185 7375 851 3556 3203 2450 8873 6369 2232 3587 4387 2238 8673 209 4478 4089 739 8222 6719
20 653 5596 6686 6205 4642 1932 7880 9182 7541 7278 5376 484 4315 4454 4134 2435 6979 4930 8982 2210
21 9540 3281 9350 9533 4048 4672 8423 3904 6538 8506 1149 1127 2470 9240 4117 5253 1882 1849 8691 1453 1955
21 6912 4393 5916 2748 9439 6902 7227 6295 5396 2313 674 1944 2409 3480 8553 2574 3182 2853 5296 2266 9545
21 6280 8365 9936 2536 7768 5163 7338 9675 1707 4589 6312 1253 5769 4457 3234 1477 848 3215 8700 5425 7490
21 8933 9078 6409 9380 4452 1821 5739 4385 383 8812 9044 9990 530 2917 9781 4575 6550 6750 3770 9338 7374
21 3122 8828 8645 9619 1836 1777 5312 9084 1064 6944 4004 5401 3715 3500 565 5951 8939 9923 8313 3097 7521
21 7361 9406 9762 1299 5556 9437 6874 177 7317 8518 926 5439 1730 8914 8389 2161 9457 5878 3724 4194 5808
21 7513 1898 8001 6744 8793 8154 841 2477 720 3185 7142 4003 5168 9149 2179 7755 8458 9798 6572 3785 9448
21 8834 1759 7916 5496 6535 1810 4889 8874 5510 7468 4885 8316 2318 2624 6675 1610 4641 7268 2520 2508 8643
21 2135 5512 6793 5084 2064 1725 6162 425 5159 7483 8687 1895 6300 437 980 6163 5045 322 2951 4208 942
21 3610 6359 9461 6738 1657 8349 8000 8036 6562 5748 5105 7660 4880 3100 7163 4044 5406 8441 161 1530 6141
21 964 1194 3905 9954 7405 8541 685 7931 902 7693 3654 4325 8627 8042 2707 409 4413 5822 9436 1074 4669
21 9302 456 1917 8920 3821 6854 36 5760 3780 22 3037 2142 4348 6559 4758 3341 252 3711 9851 3853 1475
21 3625 2281 6328 266 4247 9289 5369 8638 3130 3167 5343 6160 789 9339 3086 6630 8211 8483 6582 1352 2700
21 3275 2613 4017 4630 2961 8398 2039 1609 2937 4521 3156 3912 2274 9006 5935 7078 9854 1871 4272 8028 1729
22 5433 888 9848 5887 8848 9415 7111 4545 6186 2562 1098 6553 5570 1839 9949 6230 1620 8783 7390 1310 4375 9935
22 3164 9909 8679 2774 7296 3520 2797 9362 2322 9986 8649 4205 3195 927 4953 5274 8460 3465 7316 5176 6547 9072
22 184 6866 6652 9554 3158 9314 2832 2001 8904 5838 2788 5235 9885 290 5763 1083 7455 1020 9883 7401 1676 5631
22 3348 106 794 6470 9491 8322 8005 2983 2403 4799 9994 4640 5861 2601 9425 4174 5074 8391 8279 4027 3535 9638
22 3090 4193 9808 1326 1897 7045 7597 3678 8486 8723 4264 9870 5900 7703 6567 4432 7745 8238 4736 619 1883 2656
22 6267 2679 87 7202 5969 4562 1602 9531 2175 4588 1304 576 8912 110 3481 9203 2511 1692 3110 2014 211 8409
22 8791 8274 4831 4931 5183 2843 5821 6740 204 1193 5502 358 5700 4110 7671 8289 5355 230 5976 3146 5820 9823
22 7870 7592 9267 3802 5301 8469 261 2303 670 3887 7629 9658 4263 9733 6296 7038 4306 2989 3865 2919 431 5293
22 8463 1433 8493 8477 6329 1089 1039 5028 1259 4929 1980 4792 7462 4997 6711 6385 9093 615 6233 1207 7950 9877
22 1243 5053 7993 1081 9220 1427 4483 9153 7835 6276 4158 9442 3648 4396 9126 4363 8025 8603 5133 4542 4882 6108
22 2194 6473 2722 135 9317 9274 6015 5142 6268 3774 2646 9889 8655 6364 5384 5119 5189 7291 413 2909 6471 8174
22 2375 1028 3675 1370 4289 2892 9308 4900 4055 925 5523 2538 4527 9737 3069 597 6914 7941 3271 4438 9693 5649
22 1996 1151 6361 3544 9451 1603 6236 8182 4370 9499 1555 1219 4446 5277 8974 3532 5843 8588 2689 7580 5071 4785
22 150 8642 8680 5802 2960 3304 9270 6795 8123 1317 8040 5012 1242 7304 400 6824 1693 734 5879 8877 1135 6662
22 141 1767 8641 7046 4691 7955 6188 5068 1096 5749 373 1852 1011 7815 9562 1683 8055 3336 7875 7409 4776 5468
22 4190 9853 6523 2176 3784 6084 3212 5403 6097 363 4638 6037 3908 5121 3398 2286 8944 9067 3982 4340 7570 8202
22 5058 2680 5090 4229 2132 3254 4559 6847 2552 6860 8150 7784 9376 6666 7062 257 790 3144 9973 1431 2502 8578
22 1302 1306 3320 2071 6708 4241 7743 8988 5397 5059 7610 9056 5366 9835 4124 878 8258 6357 5597 8499 4201 8329
22 8264 8251 4341 3176 1307 6344 1301 8593 7664 2457 472 9634 7419 7415 6715 9260 3229 3813 5856 5508 8189 2645
22 6522 1792 2595 7670 8689 1218 9363 2799 5238 8652 391 4062 1189 8330 8602 5314 4856 7473 8668 310 7692 8444
22 3882 3018 468 7651 2835 4262 7614 5781 7761 1643 1986 5906 6609 9771 3791 995 7503 2725 1349 6856 2629 469
23 8577 74 3340 7661 8466 5322 8894 5904 7209 1688 9720 4857 9976 1419 4497 3743 8677 3546 5175 2547 2522 4130 4862
23 743 9970 2763 7071 4945 199 3286 7906 4374 3431 1564 4657 560 9575 5329 7082 5442 9845 5943 2309 4894 4155 641
23 194 2183 8511 1256 2097 7036 2735 6820 6171 9173 9526 6705 972 7284 3797 8153 3892 2011 9090 5440 1647 9570 9597
23 9939 1549 8840 2061 3388 2955 3487 5407 7812 6690 5490 5687 6412 4888 5070 1872 2243 5659 4726 7190 5055 8013 9471
23 2289 5975 4864 2558 5382 525 5429 1837 4684 8628 7305 360 3379 7407 6225 886 5413 3280 2030 5509 8067 5311 9222
23 2331 7024 1269 3166 9690 6185 2509 9375 6263 2513 21 718 1104 7037 3330 4665 203 8318 3548 412 3400 2831 5398
23 1525 5474 8122 5530 168 3794 9842 7727 8260 9917 3863 753 4243 3986 1861 4921 4504 4281 1158 3506 8889 4774 4992
23 3300 991 1526 9368 1622 4941 9593 1724 8214 6586 8623 5064 881 1000 9110 6318 868 38 8047 1262 7836 8312 2751
23 5390 8876 8309 7135 2083 4647 4292 1423 2230 8794 2055 6069 3608 8358 7484 8224 2931 1233 2078 1516 7554 4288 5825
23 473 7709 4898 4460 9281 7925 9812 3484 1708 2928 9529 2943 5096 6574 4732 9482 5501 4990 2760 7355 6345 5487 8772
23 174 7091 4178 1435 1092 4064 6033 9815 9910 1899 1309 6918 7767 5647 1228 7352 648 5488 4578 5485 7964 4029 3946
23 4145 356 1132 3683 871 6472 9818 2280 1545 6256 2654 313 5023 4679 3313 6697 8325 4040 833 4204 332 2590 6438
23 5146 5100 1360 6531 8131 2028 8760 1226 7243 9760 7536 7522 8147 3925 5350 569 7131 8213 70 5000 6174 17 3070
23 8798 6584 1971 1118 51 1082 620 3105 5222 9420 5514 3362 5035 3262 4489 9921 3742 7472 1668 2325 2551 2407 732
23 689 3850 1694 5036 3402 4728 5983 4544 9012 3315 4818 4153 9087 3825 521 7275 6287 3670 9857 9127 84 76 9028
23 1802 4652 2867 9500 4782 452 8245 5412 7122 4435 4443 4844 3603 7802 4047 7753 1548 4223 3055 2052 6388 1654 5676
24 1680 7334 4720 7009 7873 1880 3846 2184 5347 334 5828 2276 2408 4179 8538 5847 832 5894 7989 7589 8722 3094 9434 8686
24 3637 1329 7400 353 4028 1182 8857 2647 5699 2116 39 2188 1915 8144 2020 8801 2780 8899 8507 1405 5834 1920 1456 8054
24 4564 8505 3553 1908 8347 933 3434 6674 9051 6434 911 4689 2044 4696 1934 6367 5417 9303 3849 5108 1280 6365 1606 2702
24 1032 2412 741 4266 6456 4456 1960 223 4100 1320 7429 1085 1244 9309 4430 5411 609 5611 7949 169 1640 9142 9953 8959
25 2947 9089 7811 6862 3392 7939 9502 822 5550 2120 1444 2178 3817 2948 5083 8976 5291 7059 67 5694 1389 8335 3806 5627 1529
25 5568 3565 9839 9908 6252 1395 9983 9247 7423 6927 1867 8159 9332 3515 5404 545 359 9677 6976 6454 5818 6773 258 115 237
25 6872 5601 8943 4687 2050 7387 8562 7935 2040 7068 3407 2122 5480 1709 8815 7928 301 6997 997 8907 2255 9821 8813 3464 1153
25 4031 6989 2100 6893 8808 9689 2426 4168 7863 5279 3298 1557 3191 6191 6183 3058 9029 7108 7771 1002 4127 6590 1723 6651 7001
25 4822 7000 9703 5169 8832 2913 8552 8734 4565 2539 7596 529 2699 3134 8604 4147 403 567 6115 3795 4295 781 4146 6589 2796
25 1248 6210 532 2651 3606 2474 9793 5327 6648 2986 5309 54 2808 872 9952 4290 9728 300 7525 642 7188 7983 6213 8735 8729
25 4444 59 5793 546 8862 8253 5584 2062 7466 7039 4533 3035 4519 1168 9412 3194 7195 6672 7672 9979 1889 270 6110 6913 3157
25 7330 8215 2924 5533 7824 4021 4988 9993 3490 7076 3955 8350 1163 1988 5811 7432 8769 8892 9750 140 9218 8821 5352 4667 2033
25 2802 3835 1045 1206 3631 2935 1069 2857 2610 2897 5249 9057 6849 7785 4892 3454 5018 3131 5768 8844 564 5803 9372 673 1624
25 9178 3364 5124 7645 8967 7766 2643 4869 6814 6693 6449 5770 4873 5405 1172 1747 7830 6585 1618 3310 9116 2389 4157 8707 7963
25 5192 5592 3494 6460 9871 8931 1524 4952 2355 9497 2825 5661 3174 9007 5852 4428 1935 9628 6948 4379 9906 6882 5830 8956 6957
25 7097 9548 8573 8369 4591 7531 8294 644 4582 2946 7377 8437 3563 4136 2548 6813 4344 7958 5791 5106 5289 6310 4002 8824 7956
25 2373 527 7838 9216 5890 6178 2852 8482 8371 8509 6063 4180 4343 1406 8334 1188 6484 8842 4045 5450 7739 2445 2787 8302 7050
25 4032 1215 4440 778 1214 292 8861 8611 5395 8145 5281 7443 1695 4612 1698 1933 9228 1948 2416 71 3360 5024 5198 5118 225
26 6138 1825 6354 636 5292 4316 9855 2397 9809 4212 4823 2076 8616 2705 2923 1436 1371 5441 7877 8665 2066 2998 8035 8605 6182 1591
26 7816 3273 3020 1003 3975 4906 8448 7370 5290 4402 3819 2314 5063 9490 8352 6646 8248 9278 3879 7300 5854 9769 3705 2686 7615 9265
26 2148 5974 2017 855 3415 259 3303 3543 3011 4081 3629 3923 2463 2354 5782 9694 3065 6272 2576 1829 9824 4161 6291 4098 2882 3231
26 1630 3839 6018 2316 1459 9311 2577 9280 109 5874 3685 2977 3584 799 9068 9458 3136 8775 3695 8390 6187 6951 5600 157 1413 7143
27 9919 798 907 510 4825 9833 331 6612 7247 2390 1176 6993 2833 858 6429 9365 8938 986 2004 1102 4511 133 7549 4919 9598 7314 6316
27 6224 686 3453 1742 2124 8659 8455 5282 2685 116 6763 228 3635 5905 1044 3124 7340 5913 2878 9655 709 1490 8512 9233 7388 5720 8770
27 4515 5766 1650 2465 2092 7846 1796 9158 6386 1147 6941 3449 7740 5367 1929 4423 9464 7025 1223 1838 866 5220 6837 1652 1078 7048 4437
27 3078 1754 5701 9249 3314 3834 3356 2720 2495 3435 7404 6025 7459 5869 3095 4985 7157 6082 5691 9287 1321 2790 8278 8826 6811 8703 4337
27 2891 2826 9300 865 2606 5162 1126 2877 8661 6728 387 3622 249 1544 8345 8639 4382 1870 6601 5306 3812 2404 1744 8384 777 3740 6080
27 7706 1319 3127 8721 8536 4658 4547 4376 3284 2900 9739 5200 3798 55 9618 6206 239 9370 3241 1489 8666 394 8989 600 4218 568 8522
27 2887 3721 8231 3488 2818 4599 1962 6780 5451 6024 710 909 9414 6137 8185 3778 7532 6684 4603 2984 8038 2682 9844 1621 5427 1063 7659
27 6238 4284 1128 4092 2121 2859 6352 4132 1144 7312 1097 1972 924 4425 3368 345 6192 3771 9135 4583 1483 9792 3730 2675 2743 603 7788
27 5137 6085 8855 7990 3121 6581 4835 3456 6368 8332 6143 3807 4986 3759 2944 805 8066 8007 2657 1046 7588 5122 5093 8807 9381 407 4541
30 2382 3290 7560 2262 1303 5080 9250 6809 7308 6010 7150 6486 189 6735 4749 4601 7712 5848 1091 8020 3251 5840 4294 8094 9160 1467 3390 7792 7999 3397
32 8878 9043 2724 8446 3893 6114 6129 6878 7809 9501 7104 8963 3199 6337 8015 8925 6060 782 2973 2428 1103 3828 7702 4448 6591 6772 965 337 5972 7035 57 608
32 1292 5689 916 3981 2235 2811 6829 7884 7288 7242 3317 3010 7509 6176 5664 7612 1642 7663 6915 1847 3502 9118 6508 339 406 877 143 3269 8142 3585 4365 9981
32 7267 5993 7043 6457 9672 8886 6749 231 8149 6544 1482 7112 1774 4918 1892 1146 1452 3646 664 6375 9763 1771 1963 2615 4633 4779 6414 6741 5346 5389 4269 1874
33 1034 3246 7860 6298 6908 3974 6406 3393 1879 9261 3382 2082 125 8255 2056 5839 9367 5330 2534 376 5833 6026 6892 3003 2730 5962 9008 7919 643 4813 2869 4819 5640
33 1919 1056 4713 2500 6253 1314 8814 5909 2165 918 6044 1029 2761 4748 6996 8436 1498 6716 628 3944 5132 9002 1507 3054 2617 3220 9959 8109 2204 5606 3942 3790 4075
33 1261 6721 5073 2903 5265 6836 382 2666 8761 3175 2981 8341 3026 8135 6483 8796 4761 7725 2540 1137 2348 9326 8490 264 4332 9252 8362 2372 2300 8597 7033 6462 318
33 4383 1661 9185 7077 7962 861 4925 1936 1294 4617 8137 4420 9217 4011 213 9207 6399 2171 9334 6208 5135 2560 1170 8650 4371 1905 2893 522 8675 1853 1494 3441 6904
33 1701 9279 9010 1418 7973 1721 4160 7346 4743 5048 8915 178 2759 1249 5152 2546 1856 8140 305 4551 2704 6228 9060 2342 9091 1504 1667 1719 5067 4312 3692 4421 982
33 430 7682 863 8864 5015 3132 1553 7298 7258 3061 1401 539 4417 1968 4829 3028 9800 5504 5075 7948 9902 5230 5800 8762 210 1830 7888 2593 3576 1763 6608 9342 6673
33 8426 7114 5581 557 4368 1142 7012 3401 920 6706 5299 3674 7184 2741 1535 2324 1439 7757 4488 5268 8713 6453 3672 6629 8610 7307 6545 274 4109 5419 5754 5305 6159
34 7130 3941 3461 4277 3920 3495 6048 1598 6698 9794 4549 3129 5076 1173 112 633 379 4240 5643 3047 7673 1050 5590 4051 4800 5037 6306 6180 9169 2110 5484 6617 6884 7600
34 7237 2967 1308 3609 5379 838 8378 7058 3889 3063 1358 2010 6156 9177 2939 7831 7088 4276 5718 1636 5202 1353 4351 3180 5842 9729 3684 623 7018 2251 998 8534 5469 714
34 3508 7321 5761 2817 3700 580 5994 1914 1885 4943 7344 831 2683 9256 4199 1145 3894 6873 7557 8338 7586 2845 5716 8489 9552 1461 8630 5767 7363 5006 1552 1726 9195 2883
34 9704 198 2413 2800 4598 1094 7953 7099 559 895 4851 8348 7882 3514 3152 6696 3096 8621 8124 245 1171 5732 3786 8787 7265 9390 4213 6692 9547 5786 8422 5662 9530 9900
34 922 32 3446 3801 9024 984 5652 4434 6530 3886 2315 4614 5594 1383 5648 9630 4125 8599 3499 3418 5531 8370 4838 7155 1673 4492 8960 8139 5040 4496 2245 645 8664 1209
34 4723 2114 947 1662 7491 30 4167 1457 5971 6166 2287 5746 7212 3662 2034 9810 7795 3599 3213 1536 1840 449 2219 1567 4737 3512 6991 9047 5790 903 2821 494 1645 7094
34 1873 7146 4120 4855 9359 7893 8882 3463 7924 7171 5577 7053 5095 3137 4424 6134 7681 4676 3897 6841 1496 4112 3470 5546 8175 6786 733 8759 7909 6594 2888 4727 9830 1181
34 3926 4602 7696 7276 4128 3477 2671 585 2739 6433 5426 6450 475 3747 7431 4637 7844 2369 2464 9707 2982 2032 4471 7199 3753 5804 693 8475 2151 99 6072 6100 9712 1376
34 2632 9931 1070 6565 2387 6521 1927 1272 1886 6977 3639 7546 9734 6714 6861 2341 7206 3971 56 6079 2653 6334 8210 8226 955 9999 9419 5741 1117 4555 7437 7476 748 9905
35 2424 7233 533 6426 278 2077 1052 5827 4934 6930 2130 3927 3799 3814 8972 7803 8837 324 1611 4103 2910 1073 4453 5272 2229 1502 1623 755 2133 5357 8269 285 2118 2366 3687
35 4410 989 5947 6398 1451 751 1409 6742 7587 5104 3963 4177 5540 1866 5270 4414 6439 9232 2060 2015 9876 7556 4280 6998 3657 8990 6380 2872 815 4335 9122 471 9432 3002 5950
35 9 6338 6147 9344 9430 758 7515 6226 8129 6539 9197 9564 5731 4328 131 6607 6323 1876 4955 1469 4700 2226 9264 2889 7159 8764 8975 8999 9011 2108 2462 5242 6512 1156 226
35 6701 680 512 2220 6502 8560 7859 5752 6895 9453 6846 7075 7044 7102 1894 9290 4148 234 3896 3389 5373 1664 7853 2225 367 7013 9325 5978 2278 6075 9312 3067 3370 4756 1216
35 153 7493 3888 6448 9668 3458 7558 5622 5479 9098 5026 1057 9119 4693 7737 2697 7081 5541 5880 6518 4106 52 9674 5806 4164 7438 803 7994 8310 2425 4482 7829 8414 1906 9950
35 683 2549 48 4317 6624 7238 1068 5214 2237 6743 8780 8926 6540 9666 2185 4258 4139 5519 6362 2527 2125 369 8031 611 8168 492 9050 8860 2757 8051 4113 3641 9875 5995 8810
35 7007 6418 5727 6175 7656 9609 9716 713 6321 9673 8355 95 8223 1054 5695 9616 4883 1713 254 3677 8688 7385 4080 938 8373 981 8190 3978 3287 9617 2187 6644 86 2475 7041
37 9081 7290 1458 8871 3108 5477 917 9588 5443 3211 3437 4230 5356 1416 3344 9681 9196 8732 9424 9283 7126 1783 6451 96 1382 5409 2283 4072 6282 4839 7763 2326 2193 7124 2581 1122 6964
38 8901 639 669 4477 4373 214 5646 1221 5378 6432 5505 9400 3961 7378 9483 7758 6111 2206 3939 2631 2658 2714 418 6726 1616 2224 1828 3650 514 7750 9560 6376 6204 8497 9209 2432 5651 6499
38 5027 2949 1819 5758 3616 9852 6653 14 8276 775 6078 7622 9513 2740 6953 9469 5239 8773 3204 386 4059 6758 9103 1848 8758 1403 3805 6963 7591 4094 8158 2411 4043 8133 887 1632 583 7881
38 604 6400 9426 3596 8023 6387 9998 4035 1584 1450 2333 4706 5340 9528 2270 1941 4299 8420 7975 6938 1931 5186 9509 8491 4812 2319 7079 1338 2029 4868 2246 7628 9626 1656 3261 9125 1628 8782
38 1391 1977 8087 4118 6050 613 5464 4648 9405 180 1950 3325 3046 9671 4085 1581 1780 6343 4534 247 2899 9487 8396 5816 6039 7189 481 478 2690 5131 7103 3088 7578 248 5415 5038 3329 1084
39 9421 4623 2485 1225 3552 4310 3113 7353 2181 4645 2975 2379 302 4596 3602 4704 5899 1781 7217 5331 8155 6946 9653 2806 7813 7292 1973 2070 588 2299 6965 5957 9647 2792 7210 4010 6712 7563 8485
39 7310 7172 4378 635 9507 6924 6492 5642 2727 5295 1088 5199 6403 7236 3043 4509 64 5174 3319 4470 505 2200 5287 1013 1351 9596 6628 8333 716 7365 6962 1195 756 9587 8425 5884 1 9551 8542
39 4814 2231 4054 303 5252 2447 884 762 7585 6326 2660 5692 4865 3824 538 4070 536 2321 5150 1213 9465 2521 8571 8921 355 3371 6853 4498 1565 9726 6958 7208 6195 7350 5463 244 8199 7732 4439
39 58 7778 2753 7499 8498 7898 9276 1047 3574 3837 2695 3567 1918 7626 4149 9893 830 1169 6302 6621 2419 6353 5013 335 1161 8029 7733 6850 3820 5056 8319 8519 3013 5081 7932 6940 6315 5494 4297
39 5072 66 4845 3250 802 2979 6350 7196 9292 3343 7564 1832 3301 5730 6851 3073 5924 6223 8200 4538 999 9040 8614 193 8867 2043 4525 5539 7221 5447 9683 9140 5248 7834 1537 7676 4740 6104 3140
39 6968 9757 2256 3605 7700 3409 4970 8401 7912 6807 4610 9021 297 904 6009 7218 2945 1858 1495 8217 8843 1732 7410 2128 5617 7428 7879 9928 7141 5980 7225 9345 599 1743 9480 8304 8825 6583 8682
39 388 1887 4129 2708 1511 8242 6170 4750 183 4232 6384 9387 4033 7630 101 5187 2564 3895 5958 2111 9427 3068 834 4557 8034 5236 9070 4609 3728 4389 8233 7510 759 3007 424 1684 3244 1058 6932
39 9411 8221 9409 2364 4843 9659 4522 4570 263 222 2568 7500 7889 4244 9077 4893 4406 8461 6466 3004 3571 5001 461 8196 299 8757 3359 3109 3891 1341 5688 9553 6877 9046 9262 9717 2087 1478 4490
39 5737 4815 9297 9066 2692 5567 6905 5755 2327 414 1346 3960 5493 5154 8847 8702 5810 4493 9624 1789 6724 3293 3884 354 5422 1224 398 7808 5628 4836 3184 8480 1033 6725 4191 325 7181 9516 8075
39 7779 2312 3376 255 3085 4321 6649 3193 6494 507 6124 5989 6288 1231 6249 3432 241 8119 8041 2929 6045 812 8866 444 912 9709 5212 744 2754 3615 6695 7943 7433 524 8537 1471 9779 2871 2498
40 5565 7248 4946 2663 5614 7273 9776 4738 5003 7823 5098 8587 2113 4847 7231 440 4752 1336 3125 4654 8804 9567 6689 3885 9534 8082 2307 2173 4162 9174 6487 4404 5495 9156 2839 3408 840 6739 9578 6784
41 9796 8321 8116 3327 3419 2227 5385 5773 7848 842 5498 4143 8171 5123 1845 1741 6476 801 3056 2026 2684 1710 6939 6336 100 6083 5060 8827 307 3222 3737 500 1190 9867 3031 7357 4653 2022 4451 9701 2726
43 9214 6146 8336 6760 5672 905 8186 7040 6417 3754 5246 3473 9706 2453 6759 8495 6120 4787 5841 6678 8259 923 7285 5733 6792 2625 8291 2988 2420 9162 8271 4475 7133 4924 1903 7684 8984 4842 3822 2602 5750 3788 9101
44 361 1265 6058 7635 3880 9929 5043 3162 5655 7027 8367 490 1246 9922 4742 370 6967 705 6527 8016 4911 5799 9144 2402 9730 1291 8300 2344 6827 7262 9896 9758 7495 1806 3248 7333 1480 5708 4399 9920 8056 9062 8084 3120
44 2972 9295 1720 8429 4202 9266 646 9017 7003 3852 7961 1286 2723 2164 7832 7447 4187 2131 3621 326 2271 5986 3776 6863 3718 7127 5931 4595 4372 268 4086 9641 2045 4023 6054 2592 8608 6232 3773 8379 9511 8198 148 4407
52 6768 2941 6775 4357 3714 6394 1043 4405 4987 3916 3690 8161 1970 763 8525 9237 6270 829 9532 5047 7095 7366 3967 9230 4770 5194 5362 3600 2696 272 454 4429 1180 4899 6381 7067 5164 8457 6132 8856 4464 3000 2515 1394 4972 6333 7640 1335 6549 7825 1129 6833
53 1613 3928 3378 8107 4763 9676 8230 7762 1619 8839 6307 9518 6900 6505 2112 8997 772 72 1563 6789 5636 7624 4826 8459 992 8303 7373 6087 3973 6736 4499 4879 4786 8674 2598 3252 5853 5458 1087 2974 6199 5078 5431 9429 761 6020 4991 1582 463 6314 8496 9294 6140
53 2290 2488 1702 1366 4604 4618 3638 3263 4719 7479 8331 8947 2662 6839 4861 3945 2272 7783 1823 9473 9016 7283 4359 6127 7573 535 3414 3142 508 875 2997 4837 9083 3549 1426 9901 8138 7083 5139 1252 3245 8800 5605 4853 6777 2665 3372 6682 6788 4686 6875 6685 2650
53 7129 2460 5572 9316 6528 976 5977 3255 9337 9783 5778 2208 9239 9911 5103 1748 1884 5444 807 19 438 8817 967 6035 9946 5061 3337 1733 4649 7398 4670 1379 6571 1164 9897 1116 3751 246 7241 3485 6949 4806 9512 8 2898 742 5923 2827 8795 8098 4846 6043 547
53 2047 7093 8671 7632 631 2473 2596 4886 179 5616 7070 2192 6604 549 3666 3394 9801 3976 7826 6247 5179 6193 9644 3445 1075 1940 279 2449 1649 9566 7325 8822 9711 260 9199 864 672 913 5111 8086 1844 853 165 3915 6896 2742 104 3395 6525 3282 3789 1992 6346
53 4305 5927 2259 2639 8419 9985 3089 7710 8869 3732 97 4513 3428 5697 9088 6285 1273 3738 6529 4285 3178 3768 9137 5271 1159 6568 2073 9663 7 1463 7945 4626 4932 7434 6031 4308 3874 5961 7686 7530 9333 7137 3624 9132 3413 3338 6536 1979 2621 765 5145 8881 3862
56 7425 4016 774 4441 9005 8380 3965 1284 5807 6095 3749 9319 7819 8064 5722 2180 3793 8059 5414 1949 410 5743 2196 346 8676 8173 5902 7391 4816 6825 7954 3750 1041 6855 6109 3307 3689 6116 9744 7140 5172 3053 4968 8521 3538 1107 8998 3864 8508 6852 8719 2377 5250 6370 7263 1019
57 3253 9085 1803 9846 6469 3466 2580 2490 1101 8403 9944 5335 6555 8208 342 9807 347 7550 7634 46 9614 3566 1901 5288 8692 657 1757 7959 5087 1230 5630 5267 4778 3012 3761 8767 176 5641 3475 7646 7403 776 2127 6558 7506 3217 4711 5891 4330 6987 7780 4863 2458 5338 3792 122 9746
57 8684 9401 1400 4301 3550 6064 348 4159 6870 3999 7372 5929 6383 4781 2676 5094 6219 3964 488 3296 9271 2641 4982 4233 6468 4225 2543 9234 7627 9102 6934 7535 8021 5866 1476 7814 1343 7599 4203 3843 9926 2628 1775 3787 3564 6514 2605 151 1605 9357 5203 1324 3966 9843 6196 6076 2907
57 8662 3900 4606 6004 935 4854 5563 3017 6984 8704 7446 6372 2081 4939 8301 5623 1008 6605 9519 3189 6165 5321 4198 727 7420 8361 136 3924 4528 3115 3509 4102 162 5892 2002 767 5684 3206 3032 2240 8467 4859 2102 269 1381 1859 6342 9225 8408 8287 9486 6801 296 6774 2160 5180 3154
57 8900 8868 591 5920 5602 7098 3077 495 9396 8397 6894 9386 8580 7685 9000 3365 7716 4668 5421 4206 6937 8930 6373 7211 7170 3969 2361 5745 8212 7786 1569 401 1984 5626 8600 6458 1945 6700 4216 2880 4007 6067 9639 6118 1722 1384 3617 6831 9834 8405 4675 2486 2347 5762 5363 4013 8101
57 2484 1850 1296 8705 7507 8524 4725 7160 4142 4876 7797 4554 2750 3357 8452 2172 154 8048 2688 4333 9105 2861 1334 562 5893 944 5979 3935 7226 9341 827 1696 2958 2816 2035 7548 867 3933 4154 7497 1077 8069 7565 458 1200 4073 1251 7269 2773 4041 1814 7302 6886 1703 1922 9245 4412
58 7051 2023 4928 8656 5871 8340 3736 7749 945 6641 4220 8181 2455 9938 3658 921 8806 7920 9574 4536 6642 5933 4558 3223 7736 2471 5576 4849 9479 6391 3980 7250 9402 366 8382 3200 8738 206 723 5814 770 6903 1982 8474 4810 6733 708 2579 9013 9004 4908 455 978 2257 651 4798 9353 6012
62 8113 3809 5620 5165 3093 1157 6297 6401 329 8091 6645 707 155 433 9541 6081 1438 4234 1534 7254 6144 3270 6194 9373 5143 5264 2461 9684 5364 7274 4744 1663 4772 1617 2764 9682 8430 3593 3561 7657 7092 5449 9331 3990 6066 5824 2875 8010 7902 1372 3627 8127 4449 6986 4624 9539 3699 9503 4613 4176 1470 2895
63 7168 847 3052 6023 3342 7504 7821 1561 4491 6803 6349 7940 7874 28 4508 658 7547 1065 2277 2733 4211 5283 5858 1026 1090 7971 6034 201 8570 1234 6107 1432 2222 7057 668 8785 4920 797 364 6259 1902 890 6126 9775 728 7085 5004 786 5888 5089 118 7454 8557 1699 9086 7469 317 8102 242 3726 423 2934 7687
63 5099 6131 1987 1355 6122 7193 9298 5607 5663 1362 7827 885 9210 1501 3165 7301 298 8252 5932 3022 9108 6926 7658 3977 9036 614 2856 11 5316 699 351 2284 1183 9514 821 7987 2729 5873 880 1297 3498 4012 6702 8739 4267 2336 6239 2025 1731 9450 9819 372 3542 7480 6273 4319 18 6139 8323 2978 1841 9813 5728
63 9749 8473 1332 7571 8612 2932 4245 4709 6923 1513 725 7198 6834 1528 1388 3497 3230 9114 5544 8354 8071 7034 6047 8280 9048 7913 7113 2159 988 8923 7451 9206 8748 7182 3691 3358 1455 6477 8229 622 4537 9369 1155 542 142 4173 2575 146 9472 9722 3591 5710 9399 6592 9305 3221 9550 4620 8411 5452 1018 7169 4961
64 7303 8863 6805 5339 8342 2476 8079 5992 3309 1658 217 6723 9691 9879 5243 5088 5190 2199 4426 9602 5217 9569 2865 5155 9433 8852 6560 2597 2392 5300 4336 823 5624 8433 932 1633 5719 8690 3996 8556 632 2302 3135 4326 8510 6478 1877 7583 7972 2115 7595 442 3998 5764 8032 4320 1580 5615 1786 3842 2261 1834 7713 235
64 9965 6071 9275 7904 5656 3523 8357 1072 4024 5141 1843 3725 757 1162 2438 3526 5715 5735 4283 8163 7594 3673 7818 3861 6467 2190 4242 9605 7562 4484 1827 7665 8635 5437 1953 8888 1232 4569 6840 1646 8014 2669 2074 1570 4462 9972 9318 6101 9306 8456 1989 8449 897 2363 7892 712 2619 4651 9205 9849 1966 9377 8962 7055
64 8030 6243 7293 139 7266 4445 8209 7017 9313 4563 5328 3294 9146 8157 2503 5358 5319 8326 9789 9945 6489 9167 9364 898 6579 8622 1311 349 4265 1443 8160 7101 6602 5234 3688 1974 5120 7998 1527 8902 8576 3713 2991 7717 3948 2065 1716 5629 5819 8606 3351 7618 9557 4369 2926 8823 8535 4105 8520 8672 4631 4584 4531 7970
65 9493 7444 7311 7145 4755 9649 8359 1208 6158 3087 1274 2317 284 8951 9859 3133 1481 6517 2443 2588 8427 7445 4463 963 8905 2162 4210 9680 9608 5019 4485 2566 4296 5558 3577 6501 2987 8633 6858 3947 1318 2545 459 2824 7197 7967 8838 607 6899 312 8308 3224 9508 8179 7897 1900 9903 695 9335 8706 5575 8742 2483 7666 8068
66 9026 7255 1755 5788 4022 7862 2356 3739 5753 6089 1687 9449 4427 4971 9379 9259 9603 8428 137 9468 293 4729 1202 3626 8344 6679 5025 7452 506 8531 8065 5922 3823 2089 2421 5872 5518 7567 8126 4324 267 1782 3613 6455 3676 3469 7389 7339 1110 6254 4342 6420 7905 114 3521 6848 7933 9652 9631 4121 8789 4848 4036 8763 5776 7517
69 160 7204 520 3572 2655 5011 6694 4403 8451 50 1500 10 2612 735 2732 464 1479 6887 7306 149 9523 6077 9074 5996 6086 9032 2812 3111 856 8779 6713 1957 2962 2990 6011 787 218 1576 2721 6761 2095 8567 4367 1812 3214 7332 4646 2269 9582 7477 8533 1518 1449 3239 8219 2533 262 6222 6577 8749 5864 8197 8845 4877 2691 1800 7281 7604 3909
69 9840 9496 4912 1331 543 3023 1506 2529 1912 7224 7465 5792 2117 4209 5785 8853 6548 9536 6281 9623 6771 1497 5085 4409 9063 1086 7252 783 4362 7073 7139 7619 3447 6661 195 6981 7486 7754 4505 1112 4468 1811 8045 2282 2694 1017 2109 8811 7376 6569 8192 9572 6631 6053 809 7602 3706 1978 6040 4681 3752 8685 5521 5158 9978 6293 7505 6248 1714
70 1586 9061 6917 5765 7461 7857 2376 6022 9020 9667 9524 9277 4042 2618 7119 3588 9633 2264 4138 8803 8695 5261 8110 6356 2866 3936 9143 2094 2054 6506 253 2275 7738 638 5466 516 6308 731 4479 3993 4820 2514 9579 4811 5937 6305 127 2776 2572 47 8895 8830 9064 4981 5526 5787 4735 9423 6074 574 9474 4352 2881 1464 2487 9748 9003 9071 3758 9505
70 7669 4000 8922 7501 8104 7498 1447 3994 8632 2553 316 5341 7512 8169 1669 2437 1005 8647 3586 752 7799 7977 6799 828 5286 3910 7360 8985 9661 8243 9977 8940 808 7019 8836 3838 4790 8393 4999 6289 7220 7128 3478 9620 7714 6659 9181 1997 7287 2434 3163 7440 8648 2072 5571 7734 4907 3424 5599 5016 7354 113 2454 5091 4150 5232 3559 3352 5101 8363
71 6636 7895 6355 2374 9657 2905 5709 9948 2079 8188 1857 3374 9348 9301 826 3084 25 441 4783 4733 9881 2294 9686 5017 4993 8802 7052 7601 2405 5342 5337 3848 5359 7524 5515 9886 3141 894 4608 3729 2046 9069 7683 4884 4008 9766 737 3369 7453 9878 4664 9082 3727 3527 1254 5812 2927 1594 9025 6832 7125 2885 105 2976 892 9759 9962 4936 5795 7705 20
72 8716 876 6241 5140 1031 6593 5039 2285 1374 1538 3112 640 7644 8515 1281 121 8306 1682 2393 4571 634 6745 517 4984 5391 6709 7508 7192 7280 192 9642 9705 196 5809 6929 3959 6203 3663 3601 6377 3607 4384 5285 7731 4913 6303 4600 5918 8596 1022 8916 5092 2544 2616 7900 8501 3816 7002 2902 5280 5507 1801 5774 8743 8941 5375 7861 4643 5432 953 3279 2349
72 315 8929 3995 5445 4979 9201 8088 1061 1583 2884 4038 8818 1869 3426 4039 5686 2896 7228 1878 6317 983 1686 7523 3841 4108 4741 2360 374 4510 948 88 2197 4721 754 1337 2427 2250 5009 2964 4366 2063 5677 5702 4959 8747 8203 9124 6431 5538 5946 6838 889 5402 2667 3237 1287 4381 5936 2862 8146 2844 2478 3649 2311 1981 5813 2938 6920 3940 1396 5196 3547
73 8275 8388 1328 5381 3257 3483 5589 5981 9198 186 6541 5657 6911 6209 2340 3066 1277 1546 6103 6782 3438 6 1108 2383 6335 857 814 9022 9221 3081 5665 8112 1375 6260 8788 7342 2491 4593 6797 5560 692 1790 3510 485 6907 1347 8777 6534 9065 6339 3098 3493 9170 3459 3450 4746 3208 7457 6324 8058 4360 6251 1728 6943 4020 3015 566 4196 7730 5386 6916 4411 5231
80 9637 2177 4255 5408 4705 6769 7074 9291 37 1685 2638 7868 3219 197 8527 4927 4450 4416 6688 2559 7647 859 3614 1815 2626 6325 8043 9713 2214 3943 3930 5985 1305 9112 79 2211 7770 251 9208 4271 8935 8018 9934 1404 509 5536 616 5110 2537 1762 5805 6533 7100 4702 9679 1798 5569 843 6654 5907 9563 9698 6360 8660 5870 1881 41 4682 480 497 6972 2448 2329 3760 6358 7677 3355 3173 5032 6637
80 4850 2953 1951 3800 7551 7289 8554 7154 3661 6366 5173 8343 2422 8736 1626 7121 8708 77 2731 7544 1958 3196 3014 1266 581 7463 3988 7396 5882 6415 8117 9788 6059 7413 2709 6327 7386 4973 415 2567 9148 1227 6704 749 1316 9912 3710 6532 573 9001 4995 6181 8164 1361 8218 2712 891 3406 5559 1629 6495 172 5215 1263 65 7741 7968 6008 378 8731 1967 5256 5491 390 9422 1010 2911 9164 1071 491
81 6751 1995 2328 9924 9034 1378 344 44 6201 7711 1279 6717 7616 1947 8247 8241 4666 3859 6828 3938 2203 4688 652 4615 8002 717 486 5459 1474 5725 8846 7746 1333 1543 7518 2505 8712 7991 7791 6136 6002 9517 7164 8979 6867 6503 9542 6153 7107 8376 5685 1820 5586 8880 5548 990 4274 4895 852 4872 166 7726 3345 5054 1079 4998 951 9615 3074 9383 6513 6271 8037 9444 9388 6371 5789 8771 8062 9161 9018
91 4905 399 9253 4061 2104 9865 2398 6818 9805 7807 6490 9285 3354 2627 8100 8081 2093 1509 6660 7617 7152 6013 2510 621 6169 8559 7106 6921 5344 1939 1975 8516 6447 2571 2703 806 860 6901 7930 5747 2834 6052 3041 453 7090 9778 4532 8165 8077 6667 31 9023 9613 940 9347 5276 205 7156 4346 2088 9244 2828 4619 9030 4695 3906 7223 3197 8416 4680 3148 3421 9991 2716 1655 448 2999 9723 8228 24 8918 6266 2306 340 3024 8317 7837 5970 8548 4962 870
92 4222 4459 2248 9576 8994 5275 5549 9134 1765 1393 426 5633 2170 2749 2308 1705 4026 240 9320 882 6041 3796 2105 3734 9045 9828 2385 4762 3583 8750 8776 7856 4947 396 1486 3451 2737 7804 617 1385 5734 2848 3207 5471 1015 8305 103 7951 4380 7214 9586 4224 4561 5926 4954 4197 1446 2959 5678 3668 5849 8060 3979 3653 8272 2357 1288 2008 501 7261 2189 9687 4518 7246 2041 6184 7553 3962 6762 321 9293 556 4590 8024 3226 9916 7789 6029 1369 6823 5948 145
92 1454 6408 8637 7542 2718 4228 1937 9947 1115 1943 9099 4840 2706 12 8244 9535 9894 5430 3457 4841 6068 8195 6798 9765 9080 2904 9927 9113 8792 9987 5161 1615 9463 7435 4827 8225 5609 9452 8891 5543 5667 2516 2119 4592 4683 4552 3840 7817 3664 5844 7938 3138 287 451 937 368 3072 5859 3931 7008 2789 1891 1270 637 9438 8236 4461 2273 3404 5317 3349 1255 4548 5960 3030 3161 8928 1540 5372 2291 3645 6442 6496 578 3970 8744 7470 1027 7997 2467 4353 8784
153 7923 7411 730 1119 2819 3717 7810 9710 4291 6783 8981 4517 8061 5593 8658 5650 6311 8893 6988 575 3092 9774 8582 1601 7089 3652 2067 6397 3522 6881 7843 769 4699 3985 3083 5618 1550 6755 3958 3101 4890 2915 2143 8070 2444 7631 5712 7852 8374 8585 3589 6776 1916 4674 8270 8574 2059 1727 1607 2807 9573 3474 7764 6722 9094 8978 2380 5621 2371 6435 9580 9731 6633 371 3468 9152 4512 5591 6320 3008 1678 4422 9829 1327 2814 1638 2670 4268 4940 1473 7772 8298 5216 2985 7965 5257 7004 1697 3366 2481 1991 2850 7934 6332 1150 1875 2099 8589 6626 6947 282 7839 5513 9786 9866 936 9645 4516 1136 6960 4556 4586 7921 7424 3062 6189 6157 5050 1739 1928 2969 4502 5021 1533 8619 4714 5481 2431 2532 9650 6737 4832 3826 2594 119 9188 2556 4897 696 6542 7593 3633 7362
234 5711 7858 9476 2523 427 7166 8987 4580 3779 3274 2501 677 5729 3308 4698 8011 8487 4237 2441 1105 1295 4793 9869 5928 4058 9358 5374 2031 5845 9971 5736 788 8640 8290 7174 1184 8187 7926 2925 7123 8402 1211 950 8774 5002 8151 3202 3868 9100 8539 6269 4540 8092 3381 8945 4775 5635 1559 7850 7322 824 4881 6235 2781 4866 8583 6498 5029 7885 5178 2493 3901 5717 1484 6240 1345 1522 3106 7537 6149 7294 3769 2786 8514 966 4345 6955 8387 4135 7194 4256 9697 1106 1350 8240 1399 5361 1851 4956 4585 7066 5897 5953 5365 6639 3580 2213 3038 4526 7805 5779 4963 9403 3403 6974 3540 2249 5551 4707 2215 9841 6650 4254 6680 7806 3918 8216 6561 6969 8443 9555 9330 6810 825 4708 4339 2957 1503 5877 8360 3472 6830 869 2530 7854 3530 9847 7608 7422 9544 5418 5930 9918 1268 7978 2809 2668 2634 9015 845 9296 6038 3059 4965 946 4235 1653 6952 8819 2901 3422 3857 9410 9995 1665 9782 1946 4767 3159 1551 265 7568 8879 2879 5851 2561 3913 2810 7533 2016 3334 9109 126 341 9724 224 8167 503 362 5284 6587 7153 4037 9860 8470 6598 6061 8180 3285 2936 283 2956 5991 9838 8307 1212 2952 4097 6898 2296 7315 8932 8631 8265 9643 4419 3080 3444 4605 5410 7718 2528 3188 5681
